#
# A fatal error has been detected by the Java Runtime Environment:
#
#  SIGFPE (0x8) at pc=0x000000011503b148, pid=19715, tid=74499
#
# JRE version: OpenJDK Runtime Environment (15.0.1+9) (build 15.0.1+9-18)
# Java VM: OpenJDK 64-Bit Server VM (15.0.1+9-18, mixed mode, tiered, compressed oops, g1 gc, bsd-amd64)
# Problematic frame:
# j  edu.texas.se.swing.sample.WallPaperGenerator$1.run()V+37
#
# No core dump will be written. Core dumps have been disabled. To enable core dumping, try "ulimit -c unlimited" before starting Java again
#
# If you would like to submit a bug report, please visit:
#   https://bugreport.java.com/bugreport/crash.jsp
#

---------------  S U M M A R Y ------------

Command Line: -Dfile.encoding=UTF-8 -XX:+ShowCodeDetailsInExceptionMessages edu.texas.se.swing.sample.WallPaperGenerator

Host: MacBookAir10,1 x86_64 2400 MHz, 8 cores, 8G, Darwin 20.3.0
Time: Tue Apr  6 10:19:43 2021 EDT elapsed time: 0.612754 seconds (0d 0h 0m 0s)

---------------  T H R E A D  ---------------

Current thread (0x00007f8ee0011800):  JavaThread "AWT-EventQueue-0" [_thread_in_Java, id=74499, stack(0x000000030a81e000,0x000000030a91e000)]

Stack: [0x000000030a81e000,0x000000030a91e000],  sp=0x000000030a91d498,  free space=1021k
Native frames: (J=compiled Java code, A=aot compiled Java code, j=interpreted, Vv=VM code, C=native code)
j  edu.texas.se.swing.sample.WallPaperGenerator$1.run()V+37
j  java.awt.event.InvocationEvent.dispatch()V+47 java.desktop@15.0.1
j  java.awt.EventQueue.dispatchEventImpl(Ljava/awt/AWTEvent;Ljava/lang/Object;)V+21 java.desktop@15.0.1
j  java.awt.EventQueue$4.run()Ljava/lang/Void;+32 java.desktop@15.0.1
j  java.awt.EventQueue$4.run()Ljava/lang/Object;+1 java.desktop@15.0.1
j  java.security.AccessController.executePrivileged(Ljava/security/PrivilegedAction;Ljava/security/AccessControlContext;Ljava/lang/Class;)Ljava/lang/Object;+29 java.base@15.0.1
j  java.security.AccessController.doPrivileged(Ljava/security/PrivilegedAction;Ljava/security/AccessControlContext;)Ljava/lang/Object;+13 java.base@15.0.1
j  java.security.ProtectionDomain$JavaSecurityAccessImpl.doIntersectionPrivilege(Ljava/security/PrivilegedAction;Ljava/security/AccessControlContext;Ljava/security/AccessControlContext;)Ljava/lang/Object;+18 java.base@15.0.1
j  java.awt.EventQueue.dispatchEvent(Ljava/awt/AWTEvent;)V+46 java.desktop@15.0.1
j  java.awt.EventDispatchThread.pumpOneEventForFilters(I)V+78 java.desktop@15.0.1
j  java.awt.EventDispatchThread.pumpEventsForFilter(ILjava/awt/Conditional;Ljava/awt/EventFilter;)V+35 java.desktop@15.0.1
j  java.awt.EventDispatchThread.pumpEventsForHierarchy(ILjava/awt/Conditional;Ljava/awt/Component;)V+11 java.desktop@15.0.1
j  java.awt.EventDispatchThread.pumpEvents(ILjava/awt/Conditional;)V+4 java.desktop@15.0.1
j  java.awt.EventDispatchThread.pumpEvents(Ljava/awt/Conditional;)V+3 java.desktop@15.0.1
j  java.awt.EventDispatchThread.run()V+9 java.desktop@15.0.1
v  ~StubRoutines::call_stub
V  [libjvm.dylib+0x4ad942]  JavaCalls::call_helper(JavaValue*, methodHandle const&, JavaCallArguments*, Thread*)+0x2e2
V  [libjvm.dylib+0x4ac829]  JavaCalls::call_virtual(JavaValue*, Klass*, Symbol*, Symbol*, JavaCallArguments*, Thread*)+0x1e9
V  [libjvm.dylib+0x4ac8f3]  JavaCalls::call_virtual(JavaValue*, Handle, Klass*, Symbol*, Symbol*, Thread*)+0x63
V  [libjvm.dylib+0x558320]  thread_entry(JavaThread*, Thread*)+0xb0
V  [libjvm.dylib+0x99a1a2]  JavaThread::thread_main_inner()+0xb2
V  [libjvm.dylib+0x9972b1]  Thread::call_run()+0x71
V  [libjvm.dylib+0x829327]  thread_native_entry(Thread*)+0x197
C  [libsystem_pthread.dylib+0x6950]  _pthread_start+0xe0
C  [libsystem_pthread.dylib+0x247b]  thread_start+0xf


siginfo: si_signo: 8 (SIGFPE), si_code: 5 (FPE_FLTINV), si_addr: 0x000000011503b148

Register to memory mapping:

RAX=0x0 is NULL
RBX=0x000000000000006c is an unknown value
RCX=0x0 is NULL
RDX=0x0 is NULL
RSP=0x000000030a91d498 is pointing into the stack for thread: 0x00007f8ee0011800
RBP=0x000000030a91d510 is pointing into the stack for thread: 0x00007f8ee0011800
RSI=0x0000000787cffaa0 is an oop: edu.texas.se.swing.sample.Pixel 
{0x0000000787cffaa0} - klass: 'edu/texas/se/swing/sample/Pixel'
RDI=0x000000030a91d3f0 is pointing into the stack for thread: 0x00007f8ee0011800
R8 =0x0 is NULL
R9 =0x0 is NULL
R10=0x000000010fc4a8c0: _ZN19TemplateInterpreter13_active_tableE+0x2000 in /Applications/Eclipse.app/Contents/Eclipse/plugins/org.eclipse.justj.openjdk.hotspot.jre.full.macosx.x86_64_15.0.1.v20201027-0507/jre/lib/server/libjvm.dylib at 0x000000010f000000
R11={method} {0x000000012af73688} 'add' '(Ljava/awt/Component;Ljava/lang/Object;I)V' in 'java/awt/Container'
R12=0x0 is NULL
R13=0x000000012b028c2d is pointing into metadata
R14=0x000000030a91d548 is pointing into the stack for thread: 0x00007f8ee0011800
R15=0x00007f8ee0011800 is a thread


Registers:
RAX=0x0000000000000000, RBX=0x000000000000006c, RCX=0x0000000000000000, RDX=0x0000000000000000
RSP=0x000000030a91d498, RBP=0x000000030a91d510, RSI=0x0000000787cffaa0, RDI=0x000000030a91d3f0
R8 =0x0000000000000000, R9 =0x0000000000000000, R10=0x000000010fc4a8c0, R11=0x000000012af73688
R12=0x0000000000000000, R13=0x000000012b028c2d, R14=0x000000030a91d548, R15=0x00007f8ee0011800
RIP=0x000000011503b148, EFLAGS=0x0000000000000a87, ERR=0x0000000000000000
  TRAPNO=0x0000000000000000

Top of Stack: (sp=0x000000030a91d498)
0x000000030a91d498:   0000000000000000 0000000000000000
0x000000030a91d4a8:   0000000000000000 0000000787cffaa0
0x000000030a91d4b8:   0000000787cffaa0 0000000787d777f8
0x000000030a91d4c8:   000000030a91d4c8 000000012b028c1d
0x000000030a91d4d8:   000000030a91d548 000000012b20c298
0x000000030a91d4e8:   0000000000000000 0000000787ed8210
0x000000030a91d4f8:   000000012b028d10 0000000000000000
0x000000030a91d508:   000000030a91d548 000000030a91d598
0x000000030a91d518:   0000000115030f03 0000000000000000
0x000000030a91d528:   0000000000000000 0000000787cffa90
0x000000030a91d538:   0000000787d77810 0000000787d777f8
0x000000030a91d548:   0000000787ed9718 000000030a91d550
0x000000030a91d558:   000000012b2c3007 000000030a91d5b8
0x000000030a91d568:   000000012b2c36a8 0000000000000000
0x000000030a91d578:   0000000787efe338 000000012b2c3060
0x000000030a91d588:   000000030a91d548 000000030a91d5b8
0x000000030a91d598:   000000030a91d608 0000000115030f03
0x000000030a91d5a8:   0000000000000000 0000000000000000
0x000000030a91d5b8:   0000000787efe508 000000030a91d5c0
0x000000030a91d5c8:   000000012b25384d 000000030a91d628
0x000000030a91d5d8:   000000012b2554c8 0000000000000000
0x000000030a91d5e8:   0000000787ed9808 000000012b253900
0x000000030a91d5f8:   000000030a91d5b8 000000030a91d618
0x000000030a91d608:   000000030a91d678 0000000115030ebe
0x000000030a91d618:   0000000787edded0 0000000787efe508
0x000000030a91d628:   0000000787efcf20 000000030a91d630
0x000000030a91d638:   000000012b2d5130 000000030a91d688
0x000000030a91d648:   000000012b2d5288 0000000000000000
0x000000030a91d658:   0000000787d77390 000000012b2d5168
0x000000030a91d668:   000000030a91d618 000000030a91d688
0x000000030a91d678:   000000030a91d6d8 0000000115030c20
0x000000030a91d688:   0000000787d77410 000000030a91d690 

Instructions: (pc=0x000000011503b148)
0x000000011503b048:   7e ae a7 0f 01 00 00 00 6a 00 00 00 00 00 00 00
0x000000011503b058:   00 00 00 00 00 00 00 00 f3 0f 10 04 24 48 83 c4
0x000000011503b068:   08 f3 0f 59 04 24 48 83 c4 08 41 0f b6 5d 01 49
0x000000011503b078:   ff c5 49 ba c0 b8 c4 0f 01 00 00 00 41 ff 24 da
0x000000011503b088:   00 00 00 00 00 00 00 00 00 00 00 00 00 00 00 00
0x000000011503b098:   00 00 00 00 00 00 00 00 60 00 00 00 00 00 00 00
0x000000011503b0a8:   83 ae a7 0f 01 00 00 00 6b 00 00 00 00 00 00 00
0x000000011503b0b8:   00 00 00 00 00 00 00 00 f2 0f 10 04 24 48 83 c4
0x000000011503b0c8:   10 f2 0f 59 04 24 48 83 c4 10 41 0f b6 5d 01 49
0x000000011503b0d8:   ff c5 49 ba c0 c0 c4 0f 01 00 00 00 41 ff 24 da
0x000000011503b0e8:   00 00 00 00 00 00 00 00 00 00 00 00 00 00 00 00
0x000000011503b0f8:   00 00 00 00 00 00 00 00 60 00 00 00 00 00 00 00
0x000000011503b108:   88 ae a7 0f 01 00 00 00 6c 00 00 00 00 00 00 00
0x000000011503b118:   00 00 00 00 00 00 00 00 8b 04 24 48 83 c4 08 8b
0x000000011503b128:   c8 8b 04 24 48 83 c4 08 81 f8 00 00 00 80 0f 85
0x000000011503b138:   0b 00 00 00 33 d2 83 f9 ff 0f 84 03 00 00 00 99
0x000000011503b148:   f7 f9 41 0f b6 5d 01 49 ff c5 49 ba c0 a8 c4 0f
0x000000011503b158:   01 00 00 00 41 ff 24 da 80 00 00 00 00 00 00 00
0x000000011503b168:   8d ae a7 0f 01 00 00 00 6d 00 00 00 00 00 00 00
0x000000011503b178:   00 00 00 00 00 00 00 00 48 8b 04 24 48 83 c4 10
0x000000011503b188:   48 8b c8 48 8b 04 24 48 83 c4 10 48 85 c9 0f 84
0x000000011503b198:   73 9a ff ff 48 3b 05 ad a9 ab fa 0f 85 0c 00 00
0x000000011503b1a8:   00 33 d2 48 83 f9 ff 0f 84 05 00 00 00 48 99 48
0x000000011503b1b8:   f7 f9 41 0f b6 5d 01 49 ff c5 49 ba c0 b0 c4 0f
0x000000011503b1c8:   01 00 00 00 41 ff 24 da 00 00 00 00 00 00 00 00
0x000000011503b1d8:   00 00 00 00 00 00 00 00 60 00 00 00 00 00 00 00
0x000000011503b1e8:   92 ae a7 0f 01 00 00 00 6e 00 00 00 00 00 00 00
0x000000011503b1f8:   00 00 00 00 00 00 00 00 f3 0f 10 04 24 48 83 c4
0x000000011503b208:   08 0f 28 c8 f3 0f 10 04 24 48 83 c4 08 f3 0f 5e
0x000000011503b218:   c1 41 0f b6 5d 01 49 ff c5 49 ba c0 b8 c4 0f 01
0x000000011503b228:   00 00 00 41 ff 24 da 90 00 00 00 00 00 00 00 00
0x000000011503b238:   00 00 00 00 00 00 00 00 60 00 00 00 00 00 00 00 


Stack slot to memory mapping:
stack at sp + 0 slots: 0x0 is NULL
stack at sp + 1 slots: 0x0 is NULL
stack at sp + 2 slots: 0x0 is NULL
stack at sp + 3 slots: 0x0000000787cffaa0 is an oop: edu.texas.se.swing.sample.Pixel 
{0x0000000787cffaa0} - klass: 'edu/texas/se/swing/sample/Pixel'
stack at sp + 4 slots: 0x0000000787cffaa0 is an oop: edu.texas.se.swing.sample.Pixel 
{0x0000000787cffaa0} - klass: 'edu/texas/se/swing/sample/Pixel'
stack at sp + 5 slots: 0x0000000787d777f8 is an oop: java.util.ArrayList 
{0x0000000787d777f8} - klass: 'java/util/ArrayList'
stack at sp + 6 slots: 0x000000030a91d4c8 is pointing into the stack for thread: 0x00007f8ee0011800
stack at sp + 7 slots: 0x000000012b028c1d is pointing into metadata

idiv  108 idiv  [0x000000011503b120, 0x000000011503b160]  64 bytes
[MachCode]
  0x000000011503b120: 8b04 2448 | 83c4 088b | c88b 0424 | 4883 c408 | 81f8 0000 | 0080 0f85 | 0b00 0000 | 33d2 83f9 
  0x000000011503b140: ff0f 8403 | 0000 0099 | f7f9 410f | b65d 0149 | ffc5 49ba | c0a8 c40f | 0100 0000 | 41ff 24da 
[/MachCode]

---------------  P R O C E S S  ---------------

Threads class SMR info:
_java_thread_list=0x00007f8f07ce1230, length=15, elements={
0x00007f8f08018e00, 0x00007f8f08019400, 0x00007f8f08811400, 0x00007f8f08028e00,
0x00007f8f08811a00, 0x00007f8f08029400, 0x00007f8f08812a00, 0x00007f8f08813000,
0x00007f8f08841600, 0x00007f8f08252e00, 0x00007f8f088b7a00, 0x00007f8ee0011800,
0x00007f8f08840000, 0x00007f8ef00a5600, 0x00007f8f08920000
}

Java Threads: ( => current thread )
  0x00007f8f08018e00 JavaThread "Reference Handler" daemon [_thread_blocked, id=15875, stack(0x00000003098c2000,0x00000003099c2000)]
  0x00007f8f08019400 JavaThread "Finalizer" daemon [_thread_blocked, id=22275, stack(0x00000003099c5000,0x0000000309ac5000)]
  0x00007f8f08811400 JavaThread "Signal Dispatcher" daemon [_thread_blocked, id=40195, stack(0x0000000309bd7000,0x0000000309cd7000)]
  0x00007f8f08028e00 JavaThread "Service Thread" daemon [_thread_blocked, id=24323, stack(0x0000000309cda000,0x0000000309dda000)]
  0x00007f8f08811a00 JavaThread "C2 CompilerThread0" daemon [_thread_blocked, id=38147, stack(0x0000000309ddd000,0x0000000309edd000)]
  0x00007f8f08029400 JavaThread "C1 CompilerThread0" daemon [_thread_blocked, id=25091, stack(0x0000000309ee0000,0x0000000309fe0000)]
  0x00007f8f08812a00 JavaThread "Sweeper thread" daemon [_thread_blocked, id=37379, stack(0x0000000309fe3000,0x000000030a0e3000)]
  0x00007f8f08813000 JavaThread "Notification Thread" daemon [_thread_blocked, id=26883, stack(0x000000030a0e6000,0x000000030a1e6000)]
  0x00007f8f08841600 JavaThread "Common-Cleaner" daemon [_thread_blocked, id=36099, stack(0x000000030a2ec000,0x000000030a3ec000)]
  0x00007f8f08252e00 JavaThread "AppKit Thread" daemon [_thread_in_native, id=515, stack(0x000000030892a000,0x000000030912a000)]
  0x00007f8f088b7a00 JavaThread "AWT-Shutdown" [_thread_blocked, id=84483, stack(0x000000030a3ef000,0x000000030a4ef000)]
=>0x00007f8ee0011800 JavaThread "AWT-EventQueue-0" [_thread_in_Java, id=74499, stack(0x000000030a81e000,0x000000030a91e000)]
  0x00007f8f08840000 JavaThread "DestroyJavaVM" [_thread_blocked, id=7939, stack(0x00000003091ad000,0x00000003092ad000)]
  0x00007f8ef00a5600 JavaThread "Java2D Queue Flusher" daemon [_thread_blocked, id=57347, stack(0x000000030a921000,0x000000030aa21000)]
  0x00007f8f08920000 JavaThread "Java2D Disposer" daemon [_thread_blocked, id=62979, stack(0x000000030aa24000,0x000000030ab24000)]

Other Threads:
  0x00007f8f07c30980 VMThread "VM Thread" [stack: 0x00000003097bf000,0x00000003098bf000] [id=15115]
  0x00007f8f07c835d0 WatcherThread [stack: 0x000000030a1e9000,0x000000030a2e9000] [id=36611]
  0x00007f8f07c0d3c0 GCTaskThread "GC Thread#0" [stack: 0x00000003092b0000,0x00000003093b0000] [id=18947]
  0x00007f8f07c0e560 ConcurrentGCThread "G1 Main Marker" [stack: 0x00000003093b3000,0x00000003094b3000] [id=18435]
  0x00007f8ef7c04150 ConcurrentGCThread "G1 Conc#0" [stack: 0x00000003094b6000,0x00000003095b6000] [id=17411]
  0x00007f8ef7c20d60 ConcurrentGCThread "G1 Refine#0" [stack: 0x00000003095b9000,0x00000003096b9000] [id=17155]
  0x00007f8ef7c21e10 ConcurrentGCThread "G1 Young RemSet Sampling" [stack: 0x00000003096bc000,0x00000003097bc000] [id=16643]

Threads with active compile tasks:

VM state: not at safepoint (normal execution)

VM Mutex/Monitor currently owned by a thread: None

Heap address: 0x0000000780000000, size: 2048 MB, Compressed Oops mode: Zero based, Oop shift amount: 3
CDS disabled.
Compressed class space mapped at: 0x0000000800000000-0x0000000840000000, size: 1073741824
Narrow klass base: 0x0000000800000000, Narrow klass shift: 0, Narrow klass range: 0x40000000

GC Precious Log:
 CPUs: 8 total, 8 available
 Memory: 8192M
 Large Page Support: Disabled
 NUMA Support: Disabled
 Compressed Oops: Enabled (Zero based)
 Heap Region Size: 1M
 Heap Min Capacity: 8M
 Heap Initial Capacity: 128M
 Heap Max Capacity: 2G
 Pre-touch: Disabled
 Parallel Workers: 8
 Concurrent Workers: 2
 Concurrent Refinement Workers: 8
 Periodic GC: Disabled

Heap:
 garbage-first heap   total 131072K, used 3072K [0x0000000780000000, 0x0000000800000000)
  region size 1024K, 4 young (4096K), 0 survivors (0K)
 Metaspace       used 10621K, capacity 10756K, committed 10880K, reserved 1058816K
  class space    used 1038K, capacity 1111K, committed 1152K, reserved 1048576K

Heap Regions: E=young(eden), S=young(survivor), O=old, HS=humongous(starts), HC=humongous(continues), CS=collection set, F=free, OA=open archive, CA=closed archive, TAMS=top-at-mark-start (previous, next)
|   0|0x0000000780000000, 0x0000000780000000, 0x0000000780100000|  0%| F|  |TAMS 0x0000000780000000, 0x0000000780000000| Untracked 
|   1|0x0000000780100000, 0x0000000780100000, 0x0000000780200000|  0%| F|  |TAMS 0x0000000780100000, 0x0000000780100000| Untracked 
|   2|0x0000000780200000, 0x0000000780200000, 0x0000000780300000|  0%| F|  |TAMS 0x0000000780200000, 0x0000000780200000| Untracked 
|   3|0x0000000780300000, 0x0000000780300000, 0x0000000780400000|  0%| F|  |TAMS 0x0000000780300000, 0x0000000780300000| Untracked 
|   4|0x0000000780400000, 0x0000000780400000, 0x0000000780500000|  0%| F|  |TAMS 0x0000000780400000, 0x0000000780400000| Untracked 
|   5|0x0000000780500000, 0x0000000780500000, 0x0000000780600000|  0%| F|  |TAMS 0x0000000780500000, 0x0000000780500000| Untracked 
|   6|0x0000000780600000, 0x0000000780600000, 0x0000000780700000|  0%| F|  |TAMS 0x0000000780600000, 0x0000000780600000| Untracked 
|   7|0x0000000780700000, 0x0000000780700000, 0x0000000780800000|  0%| F|  |TAMS 0x0000000780700000, 0x0000000780700000| Untracked 
|   8|0x0000000780800000, 0x0000000780800000, 0x0000000780900000|  0%| F|  |TAMS 0x0000000780800000, 0x0000000780800000| Untracked 
|   9|0x0000000780900000, 0x0000000780900000, 0x0000000780a00000|  0%| F|  |TAMS 0x0000000780900000, 0x0000000780900000| Untracked 
|  10|0x0000000780a00000, 0x0000000780a00000, 0x0000000780b00000|  0%| F|  |TAMS 0x0000000780a00000, 0x0000000780a00000| Untracked 
|  11|0x0000000780b00000, 0x0000000780b00000, 0x0000000780c00000|  0%| F|  |TAMS 0x0000000780b00000, 0x0000000780b00000| Untracked 
|  12|0x0000000780c00000, 0x0000000780c00000, 0x0000000780d00000|  0%| F|  |TAMS 0x0000000780c00000, 0x0000000780c00000| Untracked 
|  13|0x0000000780d00000, 0x0000000780d00000, 0x0000000780e00000|  0%| F|  |TAMS 0x0000000780d00000, 0x0000000780d00000| Untracked 
|  14|0x0000000780e00000, 0x0000000780e00000, 0x0000000780f00000|  0%| F|  |TAMS 0x0000000780e00000, 0x0000000780e00000| Untracked 
|  15|0x0000000780f00000, 0x0000000780f00000, 0x0000000781000000|  0%| F|  |TAMS 0x0000000780f00000, 0x0000000780f00000| Untracked 
|  16|0x0000000781000000, 0x0000000781000000, 0x0000000781100000|  0%| F|  |TAMS 0x0000000781000000, 0x0000000781000000| Untracked 
|  17|0x0000000781100000, 0x0000000781100000, 0x0000000781200000|  0%| F|  |TAMS 0x0000000781100000, 0x0000000781100000| Untracked 
|  18|0x0000000781200000, 0x0000000781200000, 0x0000000781300000|  0%| F|  |TAMS 0x0000000781200000, 0x0000000781200000| Untracked 
|  19|0x0000000781300000, 0x0000000781300000, 0x0000000781400000|  0%| F|  |TAMS 0x0000000781300000, 0x0000000781300000| Untracked 
|  20|0x0000000781400000, 0x0000000781400000, 0x0000000781500000|  0%| F|  |TAMS 0x0000000781400000, 0x0000000781400000| Untracked 
|  21|0x0000000781500000, 0x0000000781500000, 0x0000000781600000|  0%| F|  |TAMS 0x0000000781500000, 0x0000000781500000| Untracked 
|  22|0x0000000781600000, 0x0000000781600000, 0x0000000781700000|  0%| F|  |TAMS 0x0000000781600000, 0x0000000781600000| Untracked 
|  23|0x0000000781700000, 0x0000000781700000, 0x0000000781800000|  0%| F|  |TAMS 0x0000000781700000, 0x0000000781700000| Untracked 
|  24|0x0000000781800000, 0x0000000781800000, 0x0000000781900000|  0%| F|  |TAMS 0x0000000781800000, 0x0000000781800000| Untracked 
|  25|0x0000000781900000, 0x0000000781900000, 0x0000000781a00000|  0%| F|  |TAMS 0x0000000781900000, 0x0000000781900000| Untracked 
|  26|0x0000000781a00000, 0x0000000781a00000, 0x0000000781b00000|  0%| F|  |TAMS 0x0000000781a00000, 0x0000000781a00000| Untracked 
|  27|0x0000000781b00000, 0x0000000781b00000, 0x0000000781c00000|  0%| F|  |TAMS 0x0000000781b00000, 0x0000000781b00000| Untracked 
|  28|0x0000000781c00000, 0x0000000781c00000, 0x0000000781d00000|  0%| F|  |TAMS 0x0000000781c00000, 0x0000000781c00000| Untracked 
|  29|0x0000000781d00000, 0x0000000781d00000, 0x0000000781e00000|  0%| F|  |TAMS 0x0000000781d00000, 0x0000000781d00000| Untracked 
|  30|0x0000000781e00000, 0x0000000781e00000, 0x0000000781f00000|  0%| F|  |TAMS 0x0000000781e00000, 0x0000000781e00000| Untracked 
|  31|0x0000000781f00000, 0x0000000781f00000, 0x0000000782000000|  0%| F|  |TAMS 0x0000000781f00000, 0x0000000781f00000| Untracked 
|  32|0x0000000782000000, 0x0000000782000000, 0x0000000782100000|  0%| F|  |TAMS 0x0000000782000000, 0x0000000782000000| Untracked 
|  33|0x0000000782100000, 0x0000000782100000, 0x0000000782200000|  0%| F|  |TAMS 0x0000000782100000, 0x0000000782100000| Untracked 
|  34|0x0000000782200000, 0x0000000782200000, 0x0000000782300000|  0%| F|  |TAMS 0x0000000782200000, 0x0000000782200000| Untracked 
|  35|0x0000000782300000, 0x0000000782300000, 0x0000000782400000|  0%| F|  |TAMS 0x0000000782300000, 0x0000000782300000| Untracked 
|  36|0x0000000782400000, 0x0000000782400000, 0x0000000782500000|  0%| F|  |TAMS 0x0000000782400000, 0x0000000782400000| Untracked 
|  37|0x0000000782500000, 0x0000000782500000, 0x0000000782600000|  0%| F|  |TAMS 0x0000000782500000, 0x0000000782500000| Untracked 
|  38|0x0000000782600000, 0x0000000782600000, 0x0000000782700000|  0%| F|  |TAMS 0x0000000782600000, 0x0000000782600000| Untracked 
|  39|0x0000000782700000, 0x0000000782700000, 0x0000000782800000|  0%| F|  |TAMS 0x0000000782700000, 0x0000000782700000| Untracked 
|  40|0x0000000782800000, 0x0000000782800000, 0x0000000782900000|  0%| F|  |TAMS 0x0000000782800000, 0x0000000782800000| Untracked 
|  41|0x0000000782900000, 0x0000000782900000, 0x0000000782a00000|  0%| F|  |TAMS 0x0000000782900000, 0x0000000782900000| Untracked 
|  42|0x0000000782a00000, 0x0000000782a00000, 0x0000000782b00000|  0%| F|  |TAMS 0x0000000782a00000, 0x0000000782a00000| Untracked 
|  43|0x0000000782b00000, 0x0000000782b00000, 0x0000000782c00000|  0%| F|  |TAMS 0x0000000782b00000, 0x0000000782b00000| Untracked 
|  44|0x0000000782c00000, 0x0000000782c00000, 0x0000000782d00000|  0%| F|  |TAMS 0x0000000782c00000, 0x0000000782c00000| Untracked 
|  45|0x0000000782d00000, 0x0000000782d00000, 0x0000000782e00000|  0%| F|  |TAMS 0x0000000782d00000, 0x0000000782d00000| Untracked 
|  46|0x0000000782e00000, 0x0000000782e00000, 0x0000000782f00000|  0%| F|  |TAMS 0x0000000782e00000, 0x0000000782e00000| Untracked 
|  47|0x0000000782f00000, 0x0000000782f00000, 0x0000000783000000|  0%| F|  |TAMS 0x0000000782f00000, 0x0000000782f00000| Untracked 
|  48|0x0000000783000000, 0x0000000783000000, 0x0000000783100000|  0%| F|  |TAMS 0x0000000783000000, 0x0000000783000000| Untracked 
|  49|0x0000000783100000, 0x0000000783100000, 0x0000000783200000|  0%| F|  |TAMS 0x0000000783100000, 0x0000000783100000| Untracked 
|  50|0x0000000783200000, 0x0000000783200000, 0x0000000783300000|  0%| F|  |TAMS 0x0000000783200000, 0x0000000783200000| Untracked 
|  51|0x0000000783300000, 0x0000000783300000, 0x0000000783400000|  0%| F|  |TAMS 0x0000000783300000, 0x0000000783300000| Untracked 
|  52|0x0000000783400000, 0x0000000783400000, 0x0000000783500000|  0%| F|  |TAMS 0x0000000783400000, 0x0000000783400000| Untracked 
|  53|0x0000000783500000, 0x0000000783500000, 0x0000000783600000|  0%| F|  |TAMS 0x0000000783500000, 0x0000000783500000| Untracked 
|  54|0x0000000783600000, 0x0000000783600000, 0x0000000783700000|  0%| F|  |TAMS 0x0000000783600000, 0x0000000783600000| Untracked 
|  55|0x0000000783700000, 0x0000000783700000, 0x0000000783800000|  0%| F|  |TAMS 0x0000000783700000, 0x0000000783700000| Untracked 
|  56|0x0000000783800000, 0x0000000783800000, 0x0000000783900000|  0%| F|  |TAMS 0x0000000783800000, 0x0000000783800000| Untracked 
|  57|0x0000000783900000, 0x0000000783900000, 0x0000000783a00000|  0%| F|  |TAMS 0x0000000783900000, 0x0000000783900000| Untracked 
|  58|0x0000000783a00000, 0x0000000783a00000, 0x0000000783b00000|  0%| F|  |TAMS 0x0000000783a00000, 0x0000000783a00000| Untracked 
|  59|0x0000000783b00000, 0x0000000783b00000, 0x0000000783c00000|  0%| F|  |TAMS 0x0000000783b00000, 0x0000000783b00000| Untracked 
|  60|0x0000000783c00000, 0x0000000783c00000, 0x0000000783d00000|  0%| F|  |TAMS 0x0000000783c00000, 0x0000000783c00000| Untracked 
|  61|0x0000000783d00000, 0x0000000783d00000, 0x0000000783e00000|  0%| F|  |TAMS 0x0000000783d00000, 0x0000000783d00000| Untracked 
|  62|0x0000000783e00000, 0x0000000783e00000, 0x0000000783f00000|  0%| F|  |TAMS 0x0000000783e00000, 0x0000000783e00000| Untracked 
|  63|0x0000000783f00000, 0x0000000783f00000, 0x0000000784000000|  0%| F|  |TAMS 0x0000000783f00000, 0x0000000783f00000| Untracked 
|  64|0x0000000784000000, 0x0000000784000000, 0x0000000784100000|  0%| F|  |TAMS 0x0000000784000000, 0x0000000784000000| Untracked 
|  65|0x0000000784100000, 0x0000000784100000, 0x0000000784200000|  0%| F|  |TAMS 0x0000000784100000, 0x0000000784100000| Untracked 
|  66|0x0000000784200000, 0x0000000784200000, 0x0000000784300000|  0%| F|  |TAMS 0x0000000784200000, 0x0000000784200000| Untracked 
|  67|0x0000000784300000, 0x0000000784300000, 0x0000000784400000|  0%| F|  |TAMS 0x0000000784300000, 0x0000000784300000| Untracked 
|  68|0x0000000784400000, 0x0000000784400000, 0x0000000784500000|  0%| F|  |TAMS 0x0000000784400000, 0x0000000784400000| Untracked 
|  69|0x0000000784500000, 0x0000000784500000, 0x0000000784600000|  0%| F|  |TAMS 0x0000000784500000, 0x0000000784500000| Untracked 
|  70|0x0000000784600000, 0x0000000784600000, 0x0000000784700000|  0%| F|  |TAMS 0x0000000784600000, 0x0000000784600000| Untracked 
|  71|0x0000000784700000, 0x0000000784700000, 0x0000000784800000|  0%| F|  |TAMS 0x0000000784700000, 0x0000000784700000| Untracked 
|  72|0x0000000784800000, 0x0000000784800000, 0x0000000784900000|  0%| F|  |TAMS 0x0000000784800000, 0x0000000784800000| Untracked 
|  73|0x0000000784900000, 0x0000000784900000, 0x0000000784a00000|  0%| F|  |TAMS 0x0000000784900000, 0x0000000784900000| Untracked 
|  74|0x0000000784a00000, 0x0000000784a00000, 0x0000000784b00000|  0%| F|  |TAMS 0x0000000784a00000, 0x0000000784a00000| Untracked 
|  75|0x0000000784b00000, 0x0000000784b00000, 0x0000000784c00000|  0%| F|  |TAMS 0x0000000784b00000, 0x0000000784b00000| Untracked 
|  76|0x0000000784c00000, 0x0000000784c00000, 0x0000000784d00000|  0%| F|  |TAMS 0x0000000784c00000, 0x0000000784c00000| Untracked 
|  77|0x0000000784d00000, 0x0000000784d00000, 0x0000000784e00000|  0%| F|  |TAMS 0x0000000784d00000, 0x0000000784d00000| Untracked 
|  78|0x0000000784e00000, 0x0000000784e00000, 0x0000000784f00000|  0%| F|  |TAMS 0x0000000784e00000, 0x0000000784e00000| Untracked 
|  79|0x0000000784f00000, 0x0000000784f00000, 0x0000000785000000|  0%| F|  |TAMS 0x0000000784f00000, 0x0000000784f00000| Untracked 
|  80|0x0000000785000000, 0x0000000785000000, 0x0000000785100000|  0%| F|  |TAMS 0x0000000785000000, 0x0000000785000000| Untracked 
|  81|0x0000000785100000, 0x0000000785100000, 0x0000000785200000|  0%| F|  |TAMS 0x0000000785100000, 0x0000000785100000| Untracked 
|  82|0x0000000785200000, 0x0000000785200000, 0x0000000785300000|  0%| F|  |TAMS 0x0000000785200000, 0x0000000785200000| Untracked 
|  83|0x0000000785300000, 0x0000000785300000, 0x0000000785400000|  0%| F|  |TAMS 0x0000000785300000, 0x0000000785300000| Untracked 
|  84|0x0000000785400000, 0x0000000785400000, 0x0000000785500000|  0%| F|  |TAMS 0x0000000785400000, 0x0000000785400000| Untracked 
|  85|0x0000000785500000, 0x0000000785500000, 0x0000000785600000|  0%| F|  |TAMS 0x0000000785500000, 0x0000000785500000| Untracked 
|  86|0x0000000785600000, 0x0000000785600000, 0x0000000785700000|  0%| F|  |TAMS 0x0000000785600000, 0x0000000785600000| Untracked 
|  87|0x0000000785700000, 0x0000000785700000, 0x0000000785800000|  0%| F|  |TAMS 0x0000000785700000, 0x0000000785700000| Untracked 
|  88|0x0000000785800000, 0x0000000785800000, 0x0000000785900000|  0%| F|  |TAMS 0x0000000785800000, 0x0000000785800000| Untracked 
|  89|0x0000000785900000, 0x0000000785900000, 0x0000000785a00000|  0%| F|  |TAMS 0x0000000785900000, 0x0000000785900000| Untracked 
|  90|0x0000000785a00000, 0x0000000785a00000, 0x0000000785b00000|  0%| F|  |TAMS 0x0000000785a00000, 0x0000000785a00000| Untracked 
|  91|0x0000000785b00000, 0x0000000785b00000, 0x0000000785c00000|  0%| F|  |TAMS 0x0000000785b00000, 0x0000000785b00000| Untracked 
|  92|0x0000000785c00000, 0x0000000785c00000, 0x0000000785d00000|  0%| F|  |TAMS 0x0000000785c00000, 0x0000000785c00000| Untracked 
|  93|0x0000000785d00000, 0x0000000785d00000, 0x0000000785e00000|  0%| F|  |TAMS 0x0000000785d00000, 0x0000000785d00000| Untracked 
|  94|0x0000000785e00000, 0x0000000785e00000, 0x0000000785f00000|  0%| F|  |TAMS 0x0000000785e00000, 0x0000000785e00000| Untracked 
|  95|0x0000000785f00000, 0x0000000785f00000, 0x0000000786000000|  0%| F|  |TAMS 0x0000000785f00000, 0x0000000785f00000| Untracked 
|  96|0x0000000786000000, 0x0000000786000000, 0x0000000786100000|  0%| F|  |TAMS 0x0000000786000000, 0x0000000786000000| Untracked 
|  97|0x0000000786100000, 0x0000000786100000, 0x0000000786200000|  0%| F|  |TAMS 0x0000000786100000, 0x0000000786100000| Untracked 
|  98|0x0000000786200000, 0x0000000786200000, 0x0000000786300000|  0%| F|  |TAMS 0x0000000786200000, 0x0000000786200000| Untracked 
|  99|0x0000000786300000, 0x0000000786300000, 0x0000000786400000|  0%| F|  |TAMS 0x0000000786300000, 0x0000000786300000| Untracked 
| 100|0x0000000786400000, 0x0000000786400000, 0x0000000786500000|  0%| F|  |TAMS 0x0000000786400000, 0x0000000786400000| Untracked 
| 101|0x0000000786500000, 0x0000000786500000, 0x0000000786600000|  0%| F|  |TAMS 0x0000000786500000, 0x0000000786500000| Untracked 
| 102|0x0000000786600000, 0x0000000786600000, 0x0000000786700000|  0%| F|  |TAMS 0x0000000786600000, 0x0000000786600000| Untracked 
| 103|0x0000000786700000, 0x0000000786700000, 0x0000000786800000|  0%| F|  |TAMS 0x0000000786700000, 0x0000000786700000| Untracked 
| 104|0x0000000786800000, 0x0000000786800000, 0x0000000786900000|  0%| F|  |TAMS 0x0000000786800000, 0x0000000786800000| Untracked 
| 105|0x0000000786900000, 0x0000000786900000, 0x0000000786a00000|  0%| F|  |TAMS 0x0000000786900000, 0x0000000786900000| Untracked 
| 106|0x0000000786a00000, 0x0000000786a00000, 0x0000000786b00000|  0%| F|  |TAMS 0x0000000786a00000, 0x0000000786a00000| Untracked 
| 107|0x0000000786b00000, 0x0000000786b00000, 0x0000000786c00000|  0%| F|  |TAMS 0x0000000786b00000, 0x0000000786b00000| Untracked 
| 108|0x0000000786c00000, 0x0000000786c00000, 0x0000000786d00000|  0%| F|  |TAMS 0x0000000786c00000, 0x0000000786c00000| Untracked 
| 109|0x0000000786d00000, 0x0000000786d00000, 0x0000000786e00000|  0%| F|  |TAMS 0x0000000786d00000, 0x0000000786d00000| Untracked 
| 110|0x0000000786e00000, 0x0000000786e00000, 0x0000000786f00000|  0%| F|  |TAMS 0x0000000786e00000, 0x0000000786e00000| Untracked 
| 111|0x0000000786f00000, 0x0000000786f00000, 0x0000000787000000|  0%| F|  |TAMS 0x0000000786f00000, 0x0000000786f00000| Untracked 
| 112|0x0000000787000000, 0x0000000787000000, 0x0000000787100000|  0%| F|  |TAMS 0x0000000787000000, 0x0000000787000000| Untracked 
| 113|0x0000000787100000, 0x0000000787100000, 0x0000000787200000|  0%| F|  |TAMS 0x0000000787100000, 0x0000000787100000| Untracked 
| 114|0x0000000787200000, 0x0000000787200000, 0x0000000787300000|  0%| F|  |TAMS 0x0000000787200000, 0x0000000787200000| Untracked 
| 115|0x0000000787300000, 0x0000000787300000, 0x0000000787400000|  0%| F|  |TAMS 0x0000000787300000, 0x0000000787300000| Untracked 
| 116|0x0000000787400000, 0x0000000787400000, 0x0000000787500000|  0%| F|  |TAMS 0x0000000787400000, 0x0000000787400000| Untracked 
| 117|0x0000000787500000, 0x0000000787500000, 0x0000000787600000|  0%| F|  |TAMS 0x0000000787500000, 0x0000000787500000| Untracked 
| 118|0x0000000787600000, 0x0000000787600000, 0x0000000787700000|  0%| F|  |TAMS 0x0000000787600000, 0x0000000787600000| Untracked 
| 119|0x0000000787700000, 0x0000000787700000, 0x0000000787800000|  0%| F|  |TAMS 0x0000000787700000, 0x0000000787700000| Untracked 
| 120|0x0000000787800000, 0x0000000787800000, 0x0000000787900000|  0%| F|  |TAMS 0x0000000787800000, 0x0000000787800000| Untracked 
| 121|0x0000000787900000, 0x0000000787900000, 0x0000000787a00000|  0%| F|  |TAMS 0x0000000787900000, 0x0000000787900000| Untracked 
| 122|0x0000000787a00000, 0x0000000787a00000, 0x0000000787b00000|  0%| F|  |TAMS 0x0000000787a00000, 0x0000000787a00000| Untracked 
| 123|0x0000000787b00000, 0x0000000787b00000, 0x0000000787c00000|  0%| F|  |TAMS 0x0000000787b00000, 0x0000000787b00000| Untracked 
| 124|0x0000000787c00000, 0x0000000787d00000, 0x0000000787d00000|100%| E|  |TAMS 0x0000000787c00000, 0x0000000787c00000| Complete 
| 125|0x0000000787d00000, 0x0000000787e00000, 0x0000000787e00000|100%| E|CS|TAMS 0x0000000787d00000, 0x0000000787d00000| Complete 
| 126|0x0000000787e00000, 0x0000000787f00000, 0x0000000787f00000|100%| E|CS|TAMS 0x0000000787e00000, 0x0000000787e00000| Complete 
| 127|0x0000000787f00000, 0x0000000788000000, 0x0000000788000000|100%| E|CS|TAMS 0x0000000787f00000, 0x0000000787f00000| Complete 

Card table byte_map: [0x0000000124427000,0x0000000124827000] _byte_map_base: 0x0000000120827000

Marking Bits (Prev, Next): (CMBitMap*) 0x00007f8f0882bc10, (CMBitMap*) 0x00007f8f0882bc50
 Prev Bits: [0x0000000124c27000, 0x0000000126c27000)
 Next Bits: [0x0000000126c27000, 0x0000000128c27000)

Polling page: 0x0000000102739000

Metaspace:

Usage:
  Non-class:      9.42 MB capacity,     9.36 MB (>99%) used,    49.94 KB ( <1%) free+waste,    11.62 KB ( <1%) overhead. 
      Class:      1.08 MB capacity,     1.01 MB ( 93%) used,    68.40 KB (  6%) free+waste,     4.50 KB ( <1%) overhead. 
       Both:     10.50 MB capacity,    10.37 MB ( 99%) used,   118.34 KB (  1%) free+waste,    16.12 KB ( <1%) overhead. 

Virtual space:
  Non-class space:       10.00 MB reserved,       9.50 MB ( 95%) committed 
      Class space:        1.00 GB reserved,       1.12 MB ( <1%) committed 
             Both:        1.01 GB reserved,      10.62 MB (  1%) committed 

Chunk freelists:
   Non-Class:  51.00 KB
       Class:  9.00 KB
        Both:  60.00 KB

MaxMetaspaceSize: 17179869184.00 GB
CompressedClassSpaceSize: 1.00 GB

CodeHeap 'non-profiled nmethods': size=120028Kb used=122Kb max_used=122Kb free=119905Kb
 bounds [0x000000011caf0000, 0x000000011cd60000, 0x0000000124027000]
CodeHeap 'profiled nmethods': size=120028Kb used=637Kb max_used=637Kb free=119390Kb
 bounds [0x00000001155b9000, 0x0000000115829000, 0x000000011caf0000]
CodeHeap 'non-nmethods': size=5704Kb used=1212Kb max_used=1223Kb free=4491Kb
 bounds [0x0000000115027000, 0x0000000115297000, 0x00000001155b9000]
 total_blobs=934 nmethods=443 adapters=406
 compilation: enabled
              stopped_count=0, restarted_count=0
 full_count=0

Compilation events (20 events):
Event: 0.603 Thread 0x00007f8f08029400  433       3       java.util.ImmutableCollections$List12::size (16 bytes)
Event: 0.603 Thread 0x00007f8f08029400 nmethod 433 0x0000000115655e90 code [0x0000000115656020, 0x0000000115656190]
Event: 0.603 Thread 0x00007f8f08029400  434       3       java.lang.reflect.Modifier::isPrivate (12 bytes)
Event: 0.603 Thread 0x00007f8f08029400 nmethod 434 0x0000000115656210 code [0x00000001156563a0, 0x00000001156564d0]
Event: 0.604 Thread 0x00007f8f08029400  435       3       java.lang.invoke.InvokerBytecodeGenerator::emitStoreResult (27 bytes)
Event: 0.604 Thread 0x00007f8f08029400 nmethod 435 0x0000000115656590 code [0x0000000115656740, 0x0000000115656900]
Event: 0.604 Thread 0x00007f8f08029400  436       3       java.lang.invoke.LambdaForm$NamedFunction::member (26 bytes)
Event: 0.604 Thread 0x00007f8f08029400 nmethod 436 0x0000000115656a10 code [0x0000000115656ba0, 0x0000000115656cb0]
Event: 0.606 Thread 0x00007f8f08029400  437       3       java.lang.reflect.Array::newInstance (6 bytes)
Event: 0.606 Thread 0x00007f8f08029400 nmethod 437 0x0000000115656d10 code [0x0000000115656ea0, 0x0000000115656fa0]
Event: 0.608 Thread 0x00007f8f08029400  439       3       java.lang.ref.SoftReference::<init> (13 bytes)
Event: 0.609 Thread 0x00007f8f08029400 nmethod 439 0x0000000115657090 code [0x0000000115657240, 0x0000000115657550]
Event: 0.609 Thread 0x00007f8f08029400  440       3       java.lang.invoke.MethodHandleNatives::refKindIsMethod (19 bytes)
Event: 0.609 Thread 0x00007f8f08029400 nmethod 440 0x0000000115657690 code [0x0000000115657820, 0x0000000115657a50]
Event: 0.611 Thread 0x00007f8f08029400  441       3       sun.invoke.util.VerifyAccess::isTypeVisible (47 bytes)
Event: 0.612 Thread 0x00007f8f08029400 nmethod 441 0x0000000115657b10 code [0x0000000115657ce0, 0x00000001156580d0]
Event: 0.612 Thread 0x00007f8f08029400  442       3       java.lang.invoke.LambdaFormEditor$TransformKey::bval (26 bytes)
Event: 0.612 Thread 0x00007f8f08029400 nmethod 442 0x0000000115658310 code [0x00000001156584a0, 0x0000000115658590]
Event: 0.612 Thread 0x00007f8f08029400  443       1       java.util.concurrent.atomic.AtomicInteger::get (5 bytes)
Event: 0.612 Thread 0x00007f8f08029400 nmethod 443 0x000000011cb0e890 code [0x000000011cb0ea20, 0x000000011cb0ead0]

GC Heap History (0 events):
No events

Deoptimization events (4 events):
Event: 0.094 Thread 0x00007f8f0800de00 Uncommon trap: trap_request=0xffffff45 fr.pc=0x000000011caf3e18 relative=0x0000000000000198
Event: 0.094 Thread 0x00007f8f0800de00 Uncommon trap: reason=unstable_if action=reinterpret pc=0x000000011caf3e18 method=java.lang.String.hashCode()I @ 42 c2
Event: 0.094 Thread 0x00007f8f0800de00 DEOPT PACKING pc=0x000000011caf3e18 sp=0x00000003092ab640
Event: 0.094 Thread 0x00007f8f0800de00 DEOPT UNPACKING pc=0x0000000115074e1f sp=0x00000003092ab5f8 mode 2

Classes unloaded (0 events):
No events

Classes redefined (0 events):
No events

Internal exceptions (14 events):
Event: 0.130 Thread 0x00007f8f0800de00 Exception <a 'java/lang/NoSuchMethodError'{0x0000000787e12c10}: 'void java.lang.invoke.DirectMethodHandle$Holder.invokeSpecial(java.lang.Object, java.lang.Object, java.lang.Object)'> (0x0000000787e12c10) 
thrown [./open/src/hotspot/share/interpreter/linkResolver.cpp, line 782]
Event: 0.157 Thread 0x00007f8f0800de00 Exception <a 'java/lang/ClassNotFoundException'{0x0000000787e33408}: sun/awt/resources/spi/awtProvider> (0x0000000787e33408) 
thrown [./open/src/hotspot/share/classfile/systemDictionary.cpp, line 295]
Event: 0.215 Thread 0x00007f8f0800de00 Exception <a 'java/io/FileNotFoundException'{0x0000000787e8ff38}> (0x0000000787e8ff38) 
thrown [./open/src/hotspot/share/prims/jni.cpp, line 578]
Event: 0.233 Thread 0x00007f8f0800de00 Exception <a 'java/io/FileNotFoundException'{0x0000000787ebe798}> (0x0000000787ebe798) 
thrown [./open/src/hotspot/share/prims/jni.cpp, line 578]
Event: 0.233 Thread 0x00007f8f0800de00 Exception <a 'java/lang/NoSuchMethodError'{0x0000000787ebf9e8}: 'java.lang.Object java.lang.invoke.DirectMethodHandle$Holder.invokeStatic(java.lang.Object)'> (0x0000000787ebf9e8) 
thrown [./open/src/hotspot/share/interpreter/linkResolver.cpp, line 782]
Event: 0.236 Thread 0x00007f8f0800de00 Exception <a 'java/lang/NoSuchMethodError'{0x0000000787ec93a0}: 'java.lang.Object java.lang.invoke.DirectMethodHandle$Holder.invokeStaticInit(java.lang.Object)'> (0x0000000787ec93a0) 
thrown [./open/src/hotspot/share/interpreter/linkResolver.cpp, line 782]
Event: 0.247 Thread 0x00007f8f0800de00 Exception <a 'java/lang/ClassNotFoundException'{0x0000000787edae88}: sun/awt/resources/spi/awtosxProvider> (0x0000000787edae88) 
thrown [./open/src/hotspot/share/classfile/systemDictionary.cpp, line 295]
Event: 0.524 Thread 0x00007f8ee0011800 Exception <a 'java/lang/NoSuchMethodError'{0x0000000787d9bd18}: 'void java.lang.invoke.DirectMethodHandle$Holder.invokeStatic(java.lang.Object, java.lang.Object)'> (0x0000000787d9bd18) 
thrown [./open/src/hotspot/share/interpreter/linkResolver.cpp, line 782]
Event: 0.556 Thread 0x00007f8ee0011800 Exception <a 'java/lang/NoSuchMethodError'{0x0000000787dd7e10}: 'void java.lang.invoke.DirectMethodHandle$Holder.invokeStaticInit(java.lang.Object)'> (0x0000000787dd7e10) 
thrown [./open/src/hotspot/share/interpreter/linkResolver.cpp, line 782]
Event: 0.567 Thread 0x00007f8ee0011800 Exception <a 'java/lang/NoSuchMethodError'{0x0000000787c0fb50}: 'java.lang.Object java.lang.invoke.DirectMethodHandle$Holder.newInvokeSpecial(java.lang.Object, java.lang.Object, java.lang.Object, java.lang.Object, java.lang.Object)'> (0x0000000787c0fb50) 
thrown [./open/src/hotspot/share/interpreter/linkResolver.cpp, line 782]
Event: 0.570 Thread 0x00007f8ee0011800 Exception <a 'java/lang/NoSuchMethodError'{0x0000000787c1b5e0}: 'java.lang.Object java.lang.invoke.DirectMethodHandle$Holder.invokeStatic(java.lang.Object, int, java.lang.Object, java.lang.Object, java.lang.Object, java.lang.Object)'> (0x0000000787c1b5e0) 
thrown [./open/src/hotspot/share/interpreter/linkResolver.cpp, line 782]
Event: 0.573 Thread 0x00007f8ee0011800 Exception <a 'java/lang/NoSuchMethodError'{0x0000000787c41858}: 'java.lang.Object java.lang.invoke.DirectMethodHandle$Holder.invokeStatic(java.lang.Object, int, java.lang.Object)'> (0x0000000787c41858) 
thrown [./open/src/hotspot/share/interpreter/linkResolver.cpp, line 782]
Event: 0.579 Thread 0x00007f8ee0011800 Exception <a 'java/lang/ClassNotFoundException'{0x0000000787c73778}: com/apple/laf/resources/spi/aquaProvider> (0x0000000787c73778) 
thrown [./open/src/hotspot/share/classfile/systemDictionary.cpp, line 295]
Event: 0.599 Thread 0x00007f8ee0011800 Exception <a 'java/lang/ClassNotFoundException'{0x0000000787ce2cc0}: com/sun/swing/internal/plaf/basic/resources/spi/basicProvider> (0x0000000787ce2cc0) 
thrown [./open/src/hotspot/share/classfile/systemDictionary.cpp, line 295]

Events (20 events):
Event: 0.611 loading class java/awt/event/MouseMotionListener done
Event: 0.611 loading class java/awt/event/WindowFocusListener
Event: 0.611 loading class java/awt/event/WindowFocusListener done
Event: 0.611 loading class java/awt/event/WindowStateListener
Event: 0.611 loading class java/awt/event/WindowStateListener done
Event: 0.611 loading class java/awt/event/ItemListener
Event: 0.611 loading class java/awt/event/ItemListener done
Event: 0.611 loading class java/awt/event/AdjustmentListener
Event: 0.611 loading class java/awt/event/AdjustmentListener done
Event: 0.611 loading class java/awt/event/TextListener
Event: 0.611 loading class java/awt/event/TextListener done
Event: 0.611 loading class java/awt/event/InputMethodListener
Event: 0.611 loading class java/awt/event/InputMethodListener done
Event: 0.611 loading class java/awt/event/HierarchyListener
Event: 0.611 loading class java/awt/event/HierarchyListener done
Event: 0.611 loading class java/awt/event/HierarchyBoundsListener
Event: 0.611 loading class java/awt/event/HierarchyBoundsListener done
Event: 0.611 loading class java/awt/event/MouseWheelListener
Event: 0.611 loading class java/awt/event/MouseWheelListener done
Event: 0.611 loading class java/awt/AWTEventMulticaster done


Dynamic libraries:
0x00007ffdffc8e000 	/Library/Apple/usr/libexec/oah/runtime
0x00007fff2a615000 	/usr/lib/libz.1.dylib
0x000000010a9dd000 	/Applications/Eclipse.app/Contents/Eclipse/plugins/org.eclipse.justj.openjdk.hotspot.jre.full.macosx.x86_64_15.0.1.v20201027-0507/jre/lib/libjli.dylib
0x00007fff352c7000 	/System/Library/Frameworks/Cocoa.framework/Versions/A/Cocoa
0x00007fff2216c000 	/System/Library/Frameworks/Security.framework/Versions/A/Security
0x00007fff334c4000 	/System/Library/Frameworks/ApplicationServices.framework/Versions/A/ApplicationServices
0x00007fff2a6e1000 	/usr/lib/libSystem.B.dylib
0x00007fff2a6db000 	/usr/lib/system/libcache.dylib
0x00007fff2a697000 	/usr/lib/system/libcommonCrypto.dylib
0x00007fff2a6c1000 	/usr/lib/system/libcompiler_rt.dylib
0x00007fff2a6b6000 	/usr/lib/system/libcopyfile.dylib
0x00007fff2010a000 	/usr/lib/system/libcorecrypto.dylib
0x00007fff201d7000 	/usr/lib/system/libdispatch.dylib
0x00007fff2038c000 	/usr/lib/system/libdyld.dylib
0x00007fff2a6d2000 	/usr/lib/system/libkeymgr.dylib
0x00007fff2dc76000 	/usr/lib/system/liblaunch.dylib
0x00007fff2a675000 	/usr/lib/system/libmacho.dylib
0x00007fff29e8a000 	/usr/lib/system/libquarantine.dylib
0x00007fff2a6cf000 	/usr/lib/system/libremovefile.dylib
0x00007fff24b03000 	/usr/lib/system/libsystem_asl.dylib
0x00007fff200ba000 	/usr/lib/system/libsystem_blocks.dylib
0x00007fff20259000 	/usr/lib/system/libsystem_c.dylib
0x00007fff2a6c9000 	/usr/lib/system/libsystem_collections.dylib
0x00007fff29277000 	/usr/lib/system/libsystem_configuration.dylib
0x00007fff28563000 	/usr/lib/system/libsystem_containermanager.dylib
0x00007fff2a40d000 	/usr/lib/system/libsystem_coreservices.dylib
0x00007fff22720000 	/usr/lib/system/libsystem_darwin.dylib
0x00007fff2a6d3000 	/usr/lib/system/libsystem_dnssd.dylib
0x00007fff20256000 	/usr/lib/system/libsystem_featureflags.dylib
0x00007fff203d1000 	/usr/lib/system/libsystem_info.dylib
0x00007fff2a628000 	/usr/lib/system/libsystem_m.dylib
0x00007fff201aa000 	/usr/lib/system/libsystem_malloc.dylib
0x00007fff24a97000 	/usr/lib/system/libsystem_networkextension.dylib
0x00007fff22b3b000 	/usr/lib/system/libsystem_notify.dylib
0x00007fff3012a000 	/usr/lib/system/libsystem_product_info_filter.dylib
0x00007fff2927b000 	/usr/lib/system/libsystem_sandbox.dylib
0x00007fff2a6cc000 	/usr/lib/system/libsystem_secinit.dylib
0x00007fff20351000 	/usr/lib/system/libsystem_kernel.dylib
0x00007fff203c7000 	/usr/lib/system/libsystem_platform.dylib
0x00007fff20380000 	/usr/lib/system/libsystem_pthread.dylib
0x00007fff26231000 	/usr/lib/system/libsystem_symptoms.dylib
0x00007fff200f2000 	/usr/lib/system/libsystem_trace.dylib
0x00007fff2a6a3000 	/usr/lib/system/libunwind.dylib
0x00007fff200bc000 	/usr/lib/system/libxpc.dylib
0x00007fff20338000 	/usr/lib/libc++abi.dylib
0x00007fff2021c000 	/usr/lib/libobjc.A.dylib
0x00007fff2a6ae000 	/usr/lib/liboah.dylib
0x00007fff202e2000 	/usr/lib/libc++.1.dylib
0x00007fff203fd000 	/System/Library/Frameworks/CoreFoundation.framework/Versions/A/CoreFoundation
0x00007fff210df000 	/System/Library/Frameworks/Foundation.framework/Versions/C/Foundation
0x00007fff22b93000 	/System/Library/Frameworks/AppKit.framework/Versions/C/AppKit
0x00007fff25a51000 	/System/Library/Frameworks/CoreData.framework/Versions/A/CoreData
0x00007fff238f6000 	/System/Library/PrivateFrameworks/UIFoundation.framework/Versions/A/UIFoundation
0x00007fff2fea3000 	/System/Library/PrivateFrameworks/RemoteViewServices.framework/Versions/A/RemoteViewServices
0x00007fff28c2d000 	/System/Library/PrivateFrameworks/XCTTargetBootstrap.framework/Versions/A/XCTTargetBootstrap
0x00007fff2b97f000 	/usr/lib/libspindump.dylib
0x00007fff23b4b000 	/System/Library/Frameworks/UniformTypeIdentifiers.framework/Versions/A/UniformTypeIdentifiers
0x00007fff27403000 	/usr/lib/libapp_launch_measurement.dylib
0x00007fff27406000 	/System/Library/PrivateFrameworks/CoreAutoLayout.framework/Versions/A/CoreAutoLayout
0x00007fff2858f000 	/System/Library/Frameworks/Metal.framework/Versions/A/Metal
0x00007fff29286000 	/usr/lib/liblangid.dylib
0x00007fff28c31000 	/System/Library/PrivateFrameworks/CoreSVG.framework/Versions/A/CoreSVG
0x00007fff24b32000 	/System/Library/PrivateFrameworks/SkyLight.framework/Versions/A/SkyLight
0x00007fff24e99000 	/System/Library/Frameworks/CoreGraphics.framework/Versions/A/CoreGraphics
0x00007fff304fa000 	/System/Library/Frameworks/Accelerate.framework/Versions/A/Accelerate
0x00007fff2b3ba000 	/System/Library/PrivateFrameworks/IconServices.framework/Versions/A/IconServices
0x00007fff28574000 	/System/Library/Frameworks/IOSurface.framework/Versions/A/IOSurface
0x00007fff263e3000 	/usr/lib/libDiagnosticMessagesClient.dylib
0x00007fff28c19000 	/System/Library/PrivateFrameworks/DFRFoundation.framework/Versions/A/DFRFoundation
0x00007fff224be000 	/usr/lib/libicucore.A.dylib
0x00007fff2cec4000 	/System/Library/Frameworks/AudioToolbox.framework/Versions/A/AudioToolbox
0x00007fff2c169000 	/System/Library/PrivateFrameworks/DataDetectorsCore.framework/Versions/A/DataDetectorsCore
0x00007fff28919000 	/System/Library/Frameworks/Carbon.framework/Versions/A/Frameworks/HIToolbox.framework/Versions/A/HIToolbox
0x00007fff26e5e000 	/System/Library/Frameworks/QuartzCore.framework/Versions/A/QuartzCore
0x00007fff2fedf000 	/System/Library/Frameworks/Carbon.framework/Versions/A/Frameworks/SpeechRecognition.framework/Versions/A/SpeechRecognition
0x00007fff2716b000 	/System/Library/PrivateFrameworks/CoreUI.framework/Versions/A/CoreUI
0x00007fff21ac7000 	/System/Library/Frameworks/CoreAudio.framework/Versions/A/CoreAudio
0x00007fff264ce000 	/System/Library/Frameworks/DiskArbitration.framework/Versions/A/DiskArbitration
0x00007fff2bd79000 	/System/Library/PrivateFrameworks/MultitouchSupport.framework/Versions/A/MultitouchSupport
0x00007fff2c160000 	/System/Library/PrivateFrameworks/InternationalSupport.framework/Versions/A/InternationalSupport
0x00007fff24aa6000 	/usr/lib/libenergytrace.dylib
0x00007fff22a8c000 	/System/Library/Frameworks/IOKit.framework/Versions/A/IOKit
0x00007fff3022c000 	/System/Library/Frameworks/CoreServices.framework/Versions/A/CoreServices
0x00007fff27399000 	/System/Library/PrivateFrameworks/PerformanceAnalysis.framework/Versions/A/PerformanceAnalysis
0x00007fff6cba1000 	/System/Library/Frameworks/OpenGL.framework/Versions/A/OpenGL
0x00007fff2c1e5000 	/System/Library/PrivateFrameworks/UserActivity.framework/Versions/A/UserActivity
0x00007fff25553000 	/System/Library/Frameworks/ColorSync.framework/Versions/A/ColorSync
0x00007fff28e9d000 	/System/Library/Frameworks/CoreImage.framework/Versions/A/CoreImage
0x00007fff218de000 	/System/Library/Frameworks/CoreText.framework/Versions/A/CoreText
0x00007fff28c5b000 	/System/Library/Frameworks/ImageIO.framework/Versions/A/ImageIO
0x00007fff2a6e7000 	/System/Library/PrivateFrameworks/SoftLinking.framework/Versions/A/SoftLinking
0x00007fff2744f000 	/usr/lib/libxml2.2.dylib
0x00007fff2a959000 	/usr/lib/libcompression.dylib
0x00007fff24aa7000 	/usr/lib/libMobileGestalt.dylib
0x00007fff2c093000 	/System/Library/PrivateFrameworks/TextureIO.framework/Versions/A/TextureIO
0x00007fff2b047000 	/usr/lib/libate.dylib
0x00007fff2ad72000 	/usr/lib/liblzma.5.dylib
0x00007fff20df3000 	/System/Library/Frameworks/SystemConfiguration.framework/Versions/A/SystemConfiguration
0x00007fff2a6e3000 	/usr/lib/libfakelink.dylib
0x00007fff245f9000 	/System/Library/Frameworks/CFNetwork.framework/Versions/A/CFNetwork
0x00007fff2a823000 	/usr/lib/libarchive.2.dylib
0x00007fff20e71000 	/usr/lib/libCRFSuite.dylib
0x00007fff29eb1000 	/usr/lib/libbsm.0.dylib
0x00007fff23fb5000 	/usr/lib/libnetwork.dylib
0x00007fff2a6e8000 	/usr/lib/libpcap.A.dylib
0x00007fff2622a000 	/usr/lib/libdns_services.dylib
0x00007fff2ad8b000 	/usr/lib/libcoretls_cfhelpers.dylib
0x00007fff2a927000 	/usr/lib/libapple_nghttp2.dylib
0x00007fff2a67b000 	/usr/lib/system/libkxld.dylib
0x00007fff25e98000 	/usr/lib/libsqlite3.dylib
0x00007fff2a3ef000 	/System/Library/PrivateFrameworks/AppleFSCompression.framework/Versions/A/AppleFSCompression
0x00007fff29e99000 	/usr/lib/libcoretls.dylib
0x00007fff2a954000 	/usr/lib/libpam.2.dylib
0x00007fff2ae88000 	/usr/lib/libxar.1.dylib
0x00007fff29282000 	/System/Library/PrivateFrameworks/AppleSystemInfo.framework/Versions/A/AppleSystemInfo
0x00007fff29adc000 	/System/Library/PrivateFrameworks/IOMobileFramebuffer.framework/Versions/A/IOMobileFramebuffer
0x00007fff2a3ff000 	/usr/lib/libbz2.1.0.dylib
0x00007fff2a720000 	/usr/lib/libiconv.2.dylib
0x00007fff2a674000 	/usr/lib/libcharset.1.dylib
0x00007fff273d5000 	/System/Library/Frameworks/CoreServices.framework/Versions/A/Frameworks/FSEvents.framework/Versions/A/FSEvents
0x00007fff2272a000 	/System/Library/Frameworks/CoreServices.framework/Versions/A/Frameworks/CarbonCore.framework/Versions/A/CarbonCore
0x00007fff26433000 	/System/Library/Frameworks/CoreServices.framework/Versions/A/Frameworks/Metadata.framework/Versions/A/Metadata
0x00007fff2a412000 	/System/Library/Frameworks/CoreServices.framework/Versions/A/Frameworks/OSServices.framework/Versions/A/OSServices
0x00007fff2a895000 	/System/Library/Frameworks/CoreServices.framework/Versions/A/Frameworks/SearchKit.framework/Versions/A/SearchKit
0x00007fff261b4000 	/System/Library/Frameworks/CoreServices.framework/Versions/A/Frameworks/AE.framework/Versions/A/AE
0x00007fff20899000 	/System/Library/Frameworks/CoreServices.framework/Versions/A/Frameworks/LaunchServices.framework/Versions/A/LaunchServices
0x00007fff2ad23000 	/System/Library/Frameworks/CoreServices.framework/Versions/A/Frameworks/DictionaryServices.framework/Versions/A/DictionaryServices
0x00007fff273de000 	/System/Library/Frameworks/CoreServices.framework/Versions/A/Frameworks/SharedFileList.framework/Versions/A/SharedFileList
0x00007fff29e8d000 	/usr/lib/libCheckFix.dylib
0x00007fff24b1a000 	/System/Library/PrivateFrameworks/TCC.framework/Versions/A/TCC
0x00007fff29288000 	/System/Library/PrivateFrameworks/CoreNLP.framework/Versions/A/CoreNLP
0x00007fff263e6000 	/System/Library/PrivateFrameworks/MetadataUtilities.framework/Versions/A/MetadataUtilities
0x00007fff20ea7000 	/usr/lib/libmecabra.dylib
0x00007fff2a1a1000 	/System/Library/Frameworks/MLCompute.framework/Versions/A/MLCompute
0x00007fff29ec2000 	/usr/lib/libmecab.dylib
0x00007fff29f0c000 	/usr/lib/libgermantok.dylib
0x00007fff2a8fd000 	/usr/lib/libThaiTokenizer.dylib
0x00007fff2aec3000 	/usr/lib/libChineseTokenizer.dylib
0x00007fff2a952000 	/System/Library/Frameworks/MetalPerformanceShaders.framework/Versions/A/MetalPerformanceShaders
0x00007fff264d5000 	/System/Library/Frameworks/Accelerate.framework/Versions/A/Frameworks/vImage.framework/Versions/A/vImage
0x00007fff30205000 	/System/Library/Frameworks/Accelerate.framework/Versions/A/Frameworks/vecLib.framework/Versions/A/vecLib
0x00007fff2aece000 	/System/Library/Frameworks/Accelerate.framework/Versions/A/Frameworks/vecLib.framework/Versions/A/libvMisc.dylib
0x00007fff29938000 	/System/Library/Frameworks/Accelerate.framework/Versions/A/Frameworks/vecLib.framework/Versions/A/libvDSP.dylib
0x00007fff20b9d000 	/System/Library/Frameworks/Accelerate.framework/Versions/A/Frameworks/vecLib.framework/Versions/A/libBLAS.dylib
0x00007fff2a978000 	/System/Library/Frameworks/Accelerate.framework/Versions/A/Frameworks/vecLib.framework/Versions/A/libLAPACK.dylib
0x00007fff29f12000 	/System/Library/Frameworks/Accelerate.framework/Versions/A/Frameworks/vecLib.framework/Versions/A/libLinearAlgebra.dylib
0x00007fff2a93f000 	/System/Library/Frameworks/Accelerate.framework/Versions/A/Frameworks/vecLib.framework/Versions/A/libSparseBLAS.dylib
0x00007fff2a972000 	/System/Library/Frameworks/Accelerate.framework/Versions/A/Frameworks/vecLib.framework/Versions/A/libQuadrature.dylib
0x00007fff29330000 	/System/Library/Frameworks/Accelerate.framework/Versions/A/Frameworks/vecLib.framework/Versions/A/libBNNS.dylib
0x00007fff20d84000 	/System/Library/Frameworks/Accelerate.framework/Versions/A/Frameworks/vecLib.framework/Versions/A/libSparse.dylib
0x00007fff2921b000 	/System/Library/Frameworks/MetalPerformanceShaders.framework/Versions/A/Frameworks/MPSCore.framework/Versions/A/MPSCore
0x00007fff2a35e000 	/System/Library/Frameworks/MetalPerformanceShaders.framework/Versions/A/Frameworks/MPSImage.framework/Versions/A/MPSImage
0x00007fff29f29000 	/System/Library/Frameworks/MetalPerformanceShaders.framework/Versions/A/Frameworks/MPSNeuralNetwork.framework/Versions/A/MPSNeuralNetwork
0x00007fff2a2e9000 	/System/Library/Frameworks/MetalPerformanceShaders.framework/Versions/A/Frameworks/MPSMatrix.framework/Versions/A/MPSMatrix
0x00007fff2a151000 	/System/Library/Frameworks/MetalPerformanceShaders.framework/Versions/A/Frameworks/MPSRayIntersector.framework/Versions/A/MPSRayIntersector
0x00007fff2a320000 	/System/Library/Frameworks/MetalPerformanceShaders.framework/Versions/A/Frameworks/MPSNDArray.framework/Versions/A/MPSNDArray
0x00007fff20ac9000 	/System/Library/PrivateFrameworks/MetalTools.framework/Versions/A/MetalTools
0x00007fff29280000 	/System/Library/PrivateFrameworks/AggregateDictionary.framework/Versions/A/AggregateDictionary
0x00007fff263be000 	/System/Library/PrivateFrameworks/CoreAnalytics.framework/Versions/A/CoreAnalytics
0x00007fff2a8ff000 	/System/Library/PrivateFrameworks/AppleSauce.framework/Versions/A/AppleSauce
0x00007fff28586000 	/System/Library/PrivateFrameworks/IOAccelerator.framework/Versions/A/IOAccelerator
0x00007fff6cb95000 	/System/Library/Frameworks/OpenGL.framework/Versions/A/Libraries/libCoreFSCache.dylib
0x00007fff21443000 	/System/Library/PrivateFrameworks/LanguageModeling.framework/Versions/A/LanguageModeling
0x00007fff29ac9000 	/System/Library/PrivateFrameworks/CoreEmoji.framework/Versions/A/CoreEmoji
0x00007fff29329000 	/System/Library/PrivateFrameworks/LinguisticData.framework/Versions/A/LinguisticData
0x00007fff20d36000 	/System/Library/PrivateFrameworks/Lexicon.framework/Versions/A/Lexicon
0x00007fff2a811000 	/usr/lib/libcmph.dylib
0x00007fff273b5000 	/System/Library/Frameworks/OpenDirectory.framework/Versions/A/Frameworks/CFOpenDirectory.framework/Versions/A/CFOpenDirectory
0x00007fff273a5000 	/System/Library/Frameworks/OpenDirectory.framework/Versions/A/OpenDirectory
0x00007fff2ad8d000 	/System/Library/PrivateFrameworks/APFS.framework/Versions/A/APFS
0x00007fff29dee000 	/System/Library/Frameworks/SecurityFoundation.framework/Versions/A/SecurityFoundation
0x00007fff2ae96000 	/usr/lib/libutil.dylib
0x00007fff22a51000 	/System/Library/PrivateFrameworks/CoreServicesStore.framework/Versions/A/CoreServicesStore
0x00007fff29e85000 	/System/Library/Frameworks/ServiceManagement.framework/Versions/A/ServiceManagement
0x00007fff2ae9a000 	/usr/lib/libxslt.1.dylib
0x00007fff29e7b000 	/System/Library/PrivateFrameworks/BackgroundTaskManagement.framework/Versions/A/BackgroundTaskManagement
0x00007fff2bfde000 	/System/Library/Frameworks/ImageIO.framework/Versions/A/Resources/libRadiance.dylib
0x00007fff2bfe7000 	/System/Library/Frameworks/ImageIO.framework/Versions/A/Resources/libJPEG.dylib
0x00007fff2bf33000 	/System/Library/Frameworks/ImageIO.framework/Versions/A/Resources/libPng.dylib
0x00007fff2bf5a000 	/System/Library/Frameworks/ImageIO.framework/Versions/A/Resources/libTIFF.dylib
0x00007fff2c03c000 	/System/Library/Frameworks/ImageIO.framework/Versions/A/Resources/libGIF.dylib
0x00007fff2bc97000 	/System/Library/Frameworks/ImageIO.framework/Versions/A/Resources/libJP2.dylib
0x00007fff2b381000 	/usr/lib/libexpat.1.dylib
0x00007fff2bc4c000 	/System/Library/PrivateFrameworks/AppleJPEG.framework/Versions/A/AppleJPEG
0x00007fff287bc000 	/System/Library/PrivateFrameworks/FontServices.framework/libFontParser.dylib
0x00007fff26168000 	/System/Library/PrivateFrameworks/RunningBoardServices.framework/Versions/A/RunningBoardServices
0x00007fff2bd75000 	/System/Library/PrivateFrameworks/WatchdogClient.framework/Versions/A/WatchdogClient
0x00007fff21530000 	/System/Library/Frameworks/CoreDisplay.framework/Versions/A/CoreDisplay
0x00007fff286d2000 	/System/Library/Frameworks/CoreMedia.framework/Versions/A/CoreMedia
0x00007fff27532000 	/System/Library/Frameworks/CoreVideo.framework/Versions/A/CoreVideo
0x00007fff2bdad000 	/System/Library/Frameworks/VideoToolbox.framework/Versions/A/VideoToolbox
0x00007fff260e6000 	/System/Library/PrivateFrameworks/BaseBoard.framework/Versions/A/BaseBoard
0x00007fff2b4c6000 	/System/Library/PrivateFrameworks/PersistentConnection.framework/Versions/A/PersistentConnection
0x00007fff25e81000 	/System/Library/PrivateFrameworks/ProtocolBuffer.framework/Versions/A/ProtocolBuffer
0x00007fff260cd000 	/System/Library/PrivateFrameworks/CommonUtilities.framework/Versions/A/CommonUtilities
0x00007fff2bbe1000 	/System/Library/PrivateFrameworks/Bom.framework/Versions/A/Bom
0x00007fff2bfd7000 	/System/Library/PrivateFrameworks/GPUWrangler.framework/Versions/A/GPUWrangler
0x00007fff2bfba000 	/System/Library/PrivateFrameworks/IOPresentment.framework/Versions/A/IOPresentment
0x00007fff2bfe1000 	/System/Library/PrivateFrameworks/DSExternalDisplay.framework/Versions/A/DSExternalDisplay
0x00007fff2c041000 	/System/Library/PrivateFrameworks/CMCaptureCore.framework/Versions/A/CMCaptureCore
0x00007fff2b966000 	/System/Library/PrivateFrameworks/AppServerSupport.framework/Versions/A/AppServerSupport
0x00007fff2da15000 	/System/Library/PrivateFrameworks/perfdata.framework/Versions/A/perfdata
0x00007fff29ddd000 	/System/Library/PrivateFrameworks/AssertionServices.framework/Versions/A/AssertionServices
0x00007fff21667000 	/System/Library/PrivateFrameworks/AudioToolboxCore.framework/Versions/A/AudioToolboxCore
0x00007fff286b5000 	/System/Library/PrivateFrameworks/caulk.framework/Versions/A/caulk
0x00007fff3d6c0000 	/System/Library/PrivateFrameworks/SystemPolicy.framework/Versions/A/SystemPolicy
0x00007fff2b176000 	/usr/lib/libIOReport.dylib
0x00007fff2d237000 	/usr/lib/libSMC.dylib
0x00007fff2bf00000 	/usr/lib/libAudioToolboxUtility.dylib
0x00007fff3e02a000 	/usr/lib/libmis.dylib
0x00007fff6cbf1000 	/System/Library/Frameworks/OpenGL.framework/Versions/A/Libraries/libGLU.dylib
0x00007fff6cbb4000 	/System/Library/Frameworks/OpenGL.framework/Versions/A/Libraries/libGFXShared.dylib
0x00007fff6cdc3000 	/System/Library/Frameworks/OpenGL.framework/Versions/A/Libraries/libGL.dylib
0x00007fff6cbbd000 	/System/Library/Frameworks/OpenGL.framework/Versions/A/Libraries/libGLImage.dylib
0x00007fff6cbb1000 	/System/Library/Frameworks/OpenGL.framework/Versions/A/Libraries/libCVMSPluginSupport.dylib
0x00007fff6cb9c000 	/System/Library/Frameworks/OpenGL.framework/Versions/A/Libraries/libCoreVMClient.dylib
0x00007fff6e204000 	/System/Library/Frameworks/OpenCL.framework/Versions/A/OpenCL
0x00007fff2b4f0000 	/System/Library/PrivateFrameworks/GraphVisualizer.framework/Versions/A/GraphVisualizer
0x00007fff2b4ff000 	/System/Library/PrivateFrameworks/FaceCore.framework/Versions/A/FaceCore
0x00007fff2b91b000 	/System/Library/PrivateFrameworks/OTSVG.framework/Versions/A/OTSVG
0x00007fff27129000 	/System/Library/Frameworks/ApplicationServices.framework/Versions/A/Frameworks/ATS.framework/Versions/A/Resources/libFontRegistry.dylib
0x00007fff2b96d000 	/System/Library/PrivateFrameworks/FontServices.framework/libhvf.dylib
0x00007fff2b32d000 	/System/Library/PrivateFrameworks/AppleVA.framework/Versions/A/AppleVA
0x00007fff2d080000 	/System/Library/Frameworks/ApplicationServices.framework/Versions/A/Frameworks/ATS.framework/Versions/A/ATS
0x00007fff2d392000 	/System/Library/Frameworks/ApplicationServices.framework/Versions/A/Frameworks/ColorSyncLegacy.framework/Versions/A/ColorSyncLegacy
0x00007fff2564a000 	/System/Library/Frameworks/ApplicationServices.framework/Versions/A/Frameworks/HIServices.framework/Versions/A/HIServices
0x00007fff2d377000 	/System/Library/Frameworks/ApplicationServices.framework/Versions/A/Frameworks/LangAnalysis.framework/Versions/A/LangAnalysis
0x00007fff2c04b000 	/System/Library/Frameworks/ApplicationServices.framework/Versions/A/Frameworks/PrintCore.framework/Versions/A/PrintCore
0x00007fff2d39a000 	/System/Library/Frameworks/ApplicationServices.framework/Versions/A/Frameworks/QD.framework/Versions/A/QD
0x00007fff2d070000 	/System/Library/Frameworks/ApplicationServices.framework/Versions/A/Frameworks/SpeechSynthesis.framework/Versions/A/SpeechSynthesis
0x00007fff2c00c000 	/System/Library/Frameworks/ApplicationServices.framework/Versions/A/Frameworks/ATSUI.framework/Versions/A/ATSUI
0x00007fff2d317000 	/usr/lib/libcups.2.dylib
0x00007fff2d387000 	/System/Library/PrivateFrameworks/NetAuth.framework/Versions/A/NetAuth
0x00007fff2da31000 	/System/Library/Frameworks/Kerberos.framework/Versions/A/Kerberos
0x00007fff2da41000 	/System/Library/Frameworks/GSS.framework/Versions/A/GSS
0x00007fff2d0ec000 	/usr/lib/libresolv.9.dylib
0x00007fff2b982000 	/System/Library/PrivateFrameworks/Heimdal.framework/Versions/A/Heimdal
0x00007fff337c5000 	/System/Library/Frameworks/Kerberos.framework/Versions/A/Libraries/libHeimdalProxy.dylib
0x00007fff26239000 	/System/Library/Frameworks/Network.framework/Versions/A/Network
0x00007fff2b39b000 	/usr/lib/libheimdal-asn1.dylib
0x00007fff2da91000 	/System/Library/PrivateFrameworks/CommonAuth.framework/Versions/A/CommonAuth
0x00007fff2757f000 	/System/Library/PrivateFrameworks/login.framework/Versions/A/Frameworks/loginsupport.framework/Versions/A/loginsupport
0x00007fff2cff5000 	/System/Library/PrivateFrameworks/AudioSession.framework/Versions/A/AudioSession
0x00007fff2d05d000 	/usr/lib/libAudioStatistics.dylib
0x00007fff2b428000 	/System/Library/PrivateFrameworks/MediaExperience.framework/Versions/A/MediaExperience
0x00007fff2ce92000 	/System/Library/PrivateFrameworks/AudioSession.framework/libSessionUtility.dylib
0x00007fff2da22000 	/usr/lib/libperfcheck.dylib
0x00007fff2d3a6000 	/System/Library/PrivateFrameworks/AudioResourceArbitration.framework/Versions/A/AudioResourceArbitration
0x00007fff2b3a5000 	/System/Library/PrivateFrameworks/IconFoundation.framework/Versions/A/IconFoundation
0x00007fff2fecf000 	/System/Library/PrivateFrameworks/SpeechRecognitionCore.framework/Versions/A/SpeechRecognitionCore
0x000000010f000000 	/Applications/Eclipse.app/Contents/Eclipse/plugins/org.eclipse.justj.openjdk.hotspot.jre.full.macosx.x86_64_15.0.1.v20201027-0507/jre/lib/server/libjvm.dylib
0x000000010aa65000 	/Applications/Eclipse.app/Contents/Eclipse/plugins/org.eclipse.justj.openjdk.hotspot.jre.full.macosx.x86_64_15.0.1.v20201027-0507/jre/lib/libjimage.dylib
0x000000010aac7000 	/Applications/Eclipse.app/Contents/Eclipse/plugins/org.eclipse.justj.openjdk.hotspot.jre.full.macosx.x86_64_15.0.1.v20201027-0507/jre/lib/libjava.dylib
0x000000010ade9000 	/Applications/Eclipse.app/Contents/Eclipse/plugins/org.eclipse.justj.openjdk.hotspot.jre.full.macosx.x86_64_15.0.1.v20201027-0507/jre/lib/libzip.dylib
0x000000010af2e000 	/Applications/Eclipse.app/Contents/Eclipse/plugins/org.eclipse.justj.openjdk.hotspot.jre.full.macosx.x86_64_15.0.1.v20201027-0507/jre/lib/libnio.dylib
0x000000010af5d000 	/Applications/Eclipse.app/Contents/Eclipse/plugins/org.eclipse.justj.openjdk.hotspot.jre.full.macosx.x86_64_15.0.1.v20201027-0507/jre/lib/libnet.dylib
0x000000012d005000 	/Applications/Eclipse.app/Contents/Eclipse/plugins/org.eclipse.justj.openjdk.hotspot.jre.full.macosx.x86_64_15.0.1.v20201027-0507/jre/lib/libawt.dylib
0x000000012d17f000 	/Applications/Eclipse.app/Contents/Eclipse/plugins/org.eclipse.justj.openjdk.hotspot.jre.full.macosx.x86_64_15.0.1.v20201027-0507/jre/lib/libmlib_image.dylib
0x00007fff6fa31000 	/System/Library/Frameworks/JavaNativeFoundation.framework/Versions/A/JavaNativeFoundation
0x00007fff6fa3d000 	/System/Library/Frameworks/JavaRuntimeSupport.framework/Versions/A/JavaRuntimeSupport
0x00007fff3d438000 	/System/Library/Frameworks/Carbon.framework/Versions/A/Carbon
0x00007fff31e99000 	/System/Library/PrivateFrameworks/CoreSymbolication.framework/Versions/A/CoreSymbolication
0x00007fff36732000 	/System/Library/Frameworks/Carbon.framework/Versions/A/Frameworks/CommonPanels.framework/Versions/A/CommonPanels
0x00007fff3327f000 	/System/Library/Frameworks/Carbon.framework/Versions/A/Frameworks/Help.framework/Versions/A/Help
0x00007fff36736000 	/System/Library/Frameworks/Carbon.framework/Versions/A/Frameworks/ImageCapture.framework/Versions/A/ImageCapture
0x00007fff3670e000 	/System/Library/Frameworks/Carbon.framework/Versions/A/Frameworks/OpenScripting.framework/Versions/A/OpenScripting
0x00007fff3672e000 	/System/Library/Frameworks/Carbon.framework/Versions/A/Frameworks/Ink.framework/Versions/A/Ink
0x00007fff3d434000 	/System/Library/Frameworks/Carbon.framework/Versions/A/Frameworks/Print.framework/Versions/A/Print
0x00007fff3672a000 	/System/Library/Frameworks/Carbon.framework/Versions/A/Frameworks/SecurityHI.framework/Versions/A/SecurityHI
0x00007fff31e5c000 	/System/Library/PrivateFrameworks/DebugSymbols.framework/Versions/A/DebugSymbols
0x000000012d2d7000 	/Applications/Eclipse.app/Contents/Eclipse/plugins/org.eclipse.justj.openjdk.hotspot.jre.full.macosx.x86_64_15.0.1.v20201027-0507/jre/lib/libawt_lwawt.dylib
0x000000010afb3000 	/Applications/Eclipse.app/Contents/Eclipse/plugins/org.eclipse.justj.openjdk.hotspot.jre.full.macosx.x86_64_15.0.1.v20201027-0507/jre/lib/libosxapp.dylib
0x00007fff3c7f8000 	/System/Library/Frameworks/ExceptionHandling.framework/Versions/A/ExceptionHandling
0x000000012d4be000 	/Applications/Eclipse.app/Contents/Eclipse/plugins/org.eclipse.justj.openjdk.hotspot.jre.full.macosx.x86_64_15.0.1.v20201027-0507/jre/lib/libfontmanager.dylib
0x000000012d758000 	/Applications/Eclipse.app/Contents/Eclipse/plugins/org.eclipse.justj.openjdk.hotspot.jre.full.macosx.x86_64_15.0.1.v20201027-0507/jre/lib/libfreetype.dylib
0x00007fff22a12000 	/System/Library/PrivateFrameworks/CoreServicesInternal.framework/Versions/A/CoreServicesInternal
0x00007fff313b5000 	/System/Library/Frameworks/FileProvider.framework/Versions/A/FileProvider
0x00007fff26050000 	/System/Library/Frameworks/Accounts.framework/Versions/A/Accounts
0x00007fff314d6000 	/System/Library/PrivateFrameworks/GenerationalStorage.framework/Versions/A/GenerationalStorage
0x00007fff30dd4000 	/System/Library/PrivateFrameworks/SymptomDiagnosticReporter.framework/Versions/A/SymptomDiagnosticReporter
0x00007fff2e6da000 	/System/Library/PrivateFrameworks/AppContainer.framework/Versions/A/AppContainer
0x00007fff23b5e000 	/System/Library/PrivateFrameworks/DesktopServicesPriv.framework/Versions/A/DesktopServicesPriv
0x00007fff22b47000 	/usr/lib/libsandbox.1.dylib
0x00007fff275ab000 	/System/Library/PrivateFrameworks/UserManagement.framework/Versions/A/UserManagement
0x00007fff29dba000 	/System/Library/PrivateFrameworks/MobileKeyBag.framework/Versions/A/MobileKeyBag
0x00007fff3482f000 	/System/Library/PrivateFrameworks/ChunkingLibrary.framework/Versions/A/ChunkingLibrary
0x00007fff2e6ef000 	/System/Library/PrivateFrameworks/SecCodeWrapper.framework/Versions/A/SecCodeWrapper
0x00007fff2b17e000 	/System/Library/PrivateFrameworks/CrashReporterSupport.framework/Versions/A/CrashReporterSupport
0x00007fff485b2000 	/System/Library/PrivateFrameworks/OSAnalytics.framework/Versions/A/OSAnalytics
0x00007fff783c9000 	/usr/lib/libRosetta.dylib
0x00007fff33210000 	/System/Library/PrivateFrameworks/RemoteServiceDiscovery.framework/Versions/A/RemoteServiceDiscovery
0x00007fff52589000 	/System/Library/PrivateFrameworks/Symbolication.framework/Versions/A/Symbolication
0x00007fff33220000 	/System/Library/PrivateFrameworks/RemoteXPC.framework/Versions/A/RemoteXPC
0x00007fff3972b000 	/System/Library/PrivateFrameworks/OSAServicesClient.framework/Versions/A/OSAServicesClient
0x00007fff3e009000 	/System/Library/PrivateFrameworks/MallocStackLogging.framework/Versions/A/MallocStackLogging
0x00007fff2e471000 	/System/Library/PrivateFrameworks/Sharing.framework/Versions/A/Sharing
0x00007fff32ded000 	/System/Library/PrivateFrameworks/Apple80211.framework/Versions/A/Apple80211
0x00007fff2a440000 	/System/Library/PrivateFrameworks/AuthKit.framework/Versions/A/AuthKit
0x00007fff29bba000 	/System/Library/PrivateFrameworks/CoreUtils.framework/Versions/A/CoreUtils
0x00007fff29ae7000 	/System/Library/Frameworks/CoreWLAN.framework/Versions/A/CoreWLAN
0x00007fff2e5b9000 	/System/Library/Frameworks/IOBluetooth.framework/Versions/A/IOBluetooth
0x00007fff32e51000 	/System/Library/PrivateFrameworks/CoreWiFi.framework/Versions/A/CoreWiFi
0x00007fff2db19000 	/System/Library/PrivateFrameworks/CorePhoneNumbers.framework/Versions/A/CorePhoneNumbers
0x00007fff30edc000 	/System/Library/PrivateFrameworks/DiskManagement.framework/Versions/A/DiskManagement
0x00007fff30df2000 	/System/Library/PrivateFrameworks/AppleIDAuthSupport.framework/Versions/A/AppleIDAuthSupport
0x00007fff2daf6000 	/System/Library/PrivateFrameworks/KeychainCircle.framework/Versions/A/KeychainCircle
0x00007fff30ea8000 	/System/Library/PrivateFrameworks/MediaKit.framework/Versions/A/MediaKit
0x00007fff30dff000 	/System/Library/Frameworks/DiscRecording.framework/Versions/A/DiscRecording
0x00007fff2b2a1000 	/usr/lib/libCoreStorage.dylib
0x00007fff3328b000 	/usr/lib/libcsfde.dylib
0x00007fff2e6f3000 	/System/Library/PrivateFrameworks/ProtectedCloudStorage.framework/Versions/A/ProtectedCloudStorage
0x00007fff33283000 	/System/Library/PrivateFrameworks/EFILogin.framework/Versions/A/EFILogin
0x00007fff33878000 	/System/Library/Frameworks/AudioUnit.framework/Versions/A/AudioUnit
0x00007fff30d71000 	/System/Library/Frameworks/CoreBluetooth.framework/Versions/A/CoreBluetooth
0x00007fff2b299000 	/usr/lib/libMatch.1.dylib
0x00007fff44243000 	/System/Library/CoreServices/RawCamera.bundle/Contents/MacOS/RawCamera
0x00007fff2daa2000 	/System/Library/PrivateFrameworks/MobileAsset.framework/Versions/A/MobileAsset
0x00007fff3389d000 	/System/Library/PrivateFrameworks/StreamingZip.framework/Versions/A/StreamingZip
0x00007fff2c244000 	/System/Library/Frameworks/MediaToolbox.framework/Versions/A/MediaToolbox
0x00007fff31387000 	/System/Library/PrivateFrameworks/CoreAVCHD.framework/Versions/A/CoreAVCHD
0x00007fff3053b000 	/System/Library/Frameworks/MediaAccessibility.framework/Versions/A/MediaAccessibility
0x00007fff31383000 	/System/Library/PrivateFrameworks/Mangrove.framework/Versions/A/Mangrove
0x00007fff30547000 	/System/Library/PrivateFrameworks/AlgosScoreFramework.framework/Versions/A/AlgosScoreFramework
0x00007fff31d4c000 	/System/Library/PrivateFrameworks/AppleVPA.framework/Versions/A/AppleVPA
0x00007fff30fc8000 	/System/Library/PrivateFrameworks/CoreAUC.framework/Versions/A/CoreAUC
0x00007fff41c36000 	/System/Library/Frameworks/Accelerate.framework/Versions/A/Frameworks/vImage.framework/Versions/A/Libraries/libCGInterfaces.dylib
0x000000012f839000 	/usr/lib/libobjc-trampolines.dylib
0x00007fff272ad000 	/System/Library/PrivateFrameworks/ViewBridge.framework/Versions/A/ViewBridge
0x00007fff6cdce000 	/System/Library/Frameworks/OpenGL.framework/Versions/A/Resources/GLEngine.bundle/GLEngine
0x00007fff6cc2e000 	/System/Library/Frameworks/OpenGL.framework/Versions/A/Libraries/libGLProgrammability.dylib
0x0000000130e8c000 	/System/Library/Extensions/AppleMetalOpenGLRenderer.bundle/Contents/MacOS/AppleMetalOpenGLRenderer
0x00007fff6cf4a000 	/System/Library/Frameworks/OpenGL.framework/Versions/A/Resources/GLRendererFloat.bundle/GLRendererFloat
0x0000000130fe1000 	/System/Library/Extensions/AGXMetal13_3.bundle/Contents/MacOS/AGXMetal13_3
0x00007fff38a88000 	/System/Library/PrivateFrameworks/IOGPU.framework/Versions/A/IOGPU
0x00007fff6a727000 	/System/Library/PrivateFrameworks/GPUCompiler.framework/Versions/31001/Libraries/libmetal_timestamp.dylib
0x00007fff2ba43000 	/System/Library/PrivateFrameworks/login.framework/Versions/A/login
0x000000012d8fb000 	/Applications/Eclipse.app/Contents/Eclipse/plugins/org.eclipse.justj.openjdk.hotspot.jre.full.macosx.x86_64_15.0.1.v20201027-0507/jre/lib/libosxui.dylib


VM Arguments:
jvm_args: -Dfile.encoding=UTF-8 -XX:+ShowCodeDetailsInExceptionMessages 
java_command: edu.texas.se.swing.sample.WallPaperGenerator
java_class_path (initial): /Users/wesgardner/eclipse-workspace/TestSwing/bin
Launcher Type: SUN_STANDARD

[Global flags]
     intx CICompilerCount                          = 4                                         {product} {ergonomic}
     uint ConcGCThreads                            = 2                                         {product} {ergonomic}
     uint G1ConcRefinementThreads                  = 8                                         {product} {ergonomic}
   size_t G1HeapRegionSize                         = 1048576                                   {product} {ergonomic}
    uintx GCDrainStackTargetSize                   = 64                                        {product} {ergonomic}
   size_t InitialHeapSize                          = 134217728                                 {product} {ergonomic}
   size_t MarkStackSize                            = 4194304                                   {product} {ergonomic}
   size_t MaxHeapSize                              = 2147483648                                {product} {ergonomic}
   size_t MaxNewSize                               = 1287651328                                {product} {ergonomic}
   size_t MinHeapDeltaBytes                        = 1048576                                   {product} {ergonomic}
   size_t MinHeapSize                              = 8388608                                   {product} {ergonomic}
    uintx NonNMethodCodeHeapSize                   = 5839372                                {pd product} {ergonomic}
    uintx NonProfiledCodeHeapSize                  = 122909434                              {pd product} {ergonomic}
    uintx ProfiledCodeHeapSize                     = 122909434                              {pd product} {ergonomic}
    uintx ReservedCodeCacheSize                    = 251658240                              {pd product} {ergonomic}
     bool SegmentedCodeCache                       = true                                      {product} {ergonomic}
     bool ShowCodeDetailsInExceptionMessages       = true                                   {manageable} {command line}
   size_t SoftMaxHeapSize                          = 2147483648                             {manageable} {ergonomic}
     bool UseCompressedClassPointers               = true                                 {lp64_product} {ergonomic}
     bool UseCompressedOops                        = true                                 {lp64_product} {ergonomic}
     bool UseG1GC                                  = true                                      {product} {ergonomic}
     bool UseNUMA                                  = false                                     {product} {ergonomic}
     bool UseNUMAInterleaving                      = false                                     {product} {ergonomic}

Logging:
Log output configuration:
 #0: stdout all=warning uptime,level,tags
 #1: stderr all=off uptime,level,tags

Environment Variables:
PATH=/usr/bin:/bin:/usr/sbin:/sbin
SHELL=/bin/zsh

Signal Handlers:
SIGSEGV: [libjvm.dylib+0xa00020], sa_mask[0]=11111111111111111111111111111111, sa_flags=SA_ONSTACK|SA_RESTART|SA_SIGINFO
SIGBUS: [libjvm.dylib+0xa00020], sa_mask[0]=11111111111111111111111111111111, sa_flags=SA_RESTART|SA_SIGINFO
SIGFPE: [libjvm.dylib+0xa00020], sa_mask[0]=11111111111111111111111111111111, sa_flags=SA_RESTART|SA_SIGINFO
SIGPIPE: [libjvm.dylib+0x82b7f0], sa_mask[0]=11111111111111111111111111111111, sa_flags=SA_RESTART|SA_SIGINFO
SIGXFSZ: [libjvm.dylib+0x82b7f0], sa_mask[0]=11111111111111111111111111111111, sa_flags=SA_RESTART|SA_SIGINFO
SIGILL: [libjvm.dylib+0xa00020], sa_mask[0]=11111111111111111111111111111111, sa_flags=SA_RESTART|SA_SIGINFO
SIGUSR2: [libjvm.dylib+0x82c300], sa_mask[0]=00100000000000000000000000000000, sa_flags=SA_RESTART|SA_SIGINFO
SIGHUP: [libjvm.dylib+0x82aa00], sa_mask[0]=11111111111111111111111111111111, sa_flags=SA_RESTART|SA_SIGINFO
SIGINT: [libjvm.dylib+0x82aa00], sa_mask[0]=11111111111111111111111111111111, sa_flags=SA_RESTART|SA_SIGINFO
SIGTERM: [libjvm.dylib+0x82aa00], sa_mask[0]=11111111111111111111111111111111, sa_flags=SA_RESTART|SA_SIGINFO
SIGQUIT: [libjvm.dylib+0x82aa00], sa_mask[0]=11111111111111111111111111111111, sa_flags=SA_RESTART|SA_SIGINFO


---------------  S Y S T E M  ---------------

OS:uname: Darwin 20.3.0 Darwin Kernel Version 20.3.0: Thu Jan 21 00:06:51 PST 2021; root:xnu-7195.81.3~1/RELEASE_ARM64_T8101 x86_64
OS uptime: 9 days 13:07 hours
rlimit (soft/hard): STACK 8176k/65520k , CORE 0k/infinity , NPROC 1333/2000 , NOFILE 10240/infinity , AS infinity/infinity , CPU infinity/infinity , DATA infinity/infinity , FSIZE infinity/infinity , MEMLOCK infinity/infinity , RSS infinity/infinity
load average: 1.47 1.42 1.41

CPU: total 8 (initial active 8) (1 cores per cpu, 1 threads per core) family 6 model 44 stepping 0 microcode 0x0, cmov, cx8, fxsr, mmx, sse, sse2, sse3, ssse3, sse4.1, sse4.2, popcnt, aes, clmul, tsc, tscinvbit, tscinv, clflush

Memory: 4k page, physical 8388608k(22892k free), swap 4194304k(846592k free)

vm_info: OpenJDK 64-Bit Server VM (15.0.1+9-18) for bsd-amd64 JRE (15.0.1+9-18), built on Sep 15 2020 13:39:50 by "mach5one" with clang 4.2.1 Compatible Apple LLVM 10.0.0 (clang-1000.11.45.5)

END.
