#
# A fatal error has been detected by the Java Runtime Environment:
#
#  SIGFPE (0x8) at pc=0x000000011283b2e8, pid=18872, tid=77059
#
# JRE version: OpenJDK Runtime Environment (15.0.1+9) (build 15.0.1+9-18)
# Java VM: OpenJDK 64-Bit Server VM (15.0.1+9-18, mixed mode, tiered, compressed oops, g1 gc, bsd-amd64)
# Problematic frame:
# j  edu.texas.se.swing.sample.TestSwing$1.run()V+12
#
# No core dump will be written. Core dumps have been disabled. To enable core dumping, try "ulimit -c unlimited" before starting Java again
#
# If you would like to submit a bug report, please visit:
#   https://bugreport.java.com/bugreport/crash.jsp
#

---------------  S U M M A R Y ------------

Command Line: -Dfile.encoding=UTF-8 -XX:+ShowCodeDetailsInExceptionMessages edu.texas.se.swing.sample.TestSwing

Host: MacBookAir10,1 x86_64 2400 MHz, 8 cores, 8G, Darwin 20.3.0
Time: Mon Apr  5 20:43:47 2021 EDT elapsed time: 0.610606 seconds (0d 0h 0m 0s)

---------------  T H R E A D  ---------------

Current thread (0x00007fd4c20c3800):  JavaThread "AWT-EventQueue-0" [_thread_in_Java, id=77059, stack(0x00000003059be000,0x0000000305abe000)]

Stack: [0x00000003059be000,0x0000000305abe000],  sp=0x0000000305abd4d0,  free space=1021k
Native frames: (J=compiled Java code, A=aot compiled Java code, j=interpreted, Vv=VM code, C=native code)
j  edu.texas.se.swing.sample.TestSwing$1.run()V+12
j  java.awt.event.InvocationEvent.dispatch()V+47 java.desktop@15.0.1
j  java.awt.EventQueue.dispatchEventImpl(Ljava/awt/AWTEvent;Ljava/lang/Object;)V+21 java.desktop@15.0.1
j  java.awt.EventQueue$4.run()Ljava/lang/Void;+32 java.desktop@15.0.1
j  java.awt.EventQueue$4.run()Ljava/lang/Object;+1 java.desktop@15.0.1
j  java.security.AccessController.executePrivileged(Ljava/security/PrivilegedAction;Ljava/security/AccessControlContext;Ljava/lang/Class;)Ljava/lang/Object;+29 java.base@15.0.1
j  java.security.AccessController.doPrivileged(Ljava/security/PrivilegedAction;Ljava/security/AccessControlContext;)Ljava/lang/Object;+13 java.base@15.0.1
j  java.security.ProtectionDomain$JavaSecurityAccessImpl.doIntersectionPrivilege(Ljava/security/PrivilegedAction;Ljava/security/AccessControlContext;Ljava/security/AccessControlContext;)Ljava/lang/Object;+18 java.base@15.0.1
j  java.awt.EventQueue.dispatchEvent(Ljava/awt/AWTEvent;)V+46 java.desktop@15.0.1
j  java.awt.EventDispatchThread.pumpOneEventForFilters(I)V+78 java.desktop@15.0.1
j  java.awt.EventDispatchThread.pumpEventsForFilter(ILjava/awt/Conditional;Ljava/awt/EventFilter;)V+35 java.desktop@15.0.1
j  java.awt.EventDispatchThread.pumpEventsForHierarchy(ILjava/awt/Conditional;Ljava/awt/Component;)V+11 java.desktop@15.0.1
j  java.awt.EventDispatchThread.pumpEvents(ILjava/awt/Conditional;)V+4 java.desktop@15.0.1
j  java.awt.EventDispatchThread.pumpEvents(Ljava/awt/Conditional;)V+3 java.desktop@15.0.1
j  java.awt.EventDispatchThread.run()V+9 java.desktop@15.0.1
v  ~StubRoutines::call_stub
V  [libjvm.dylib+0x4ad942]  JavaCalls::call_helper(JavaValue*, methodHandle const&, JavaCallArguments*, Thread*)+0x2e2
V  [libjvm.dylib+0x4ac829]  JavaCalls::call_virtual(JavaValue*, Klass*, Symbol*, Symbol*, JavaCallArguments*, Thread*)+0x1e9
V  [libjvm.dylib+0x4ac8f3]  JavaCalls::call_virtual(JavaValue*, Handle, Klass*, Symbol*, Symbol*, Thread*)+0x63
V  [libjvm.dylib+0x558320]  thread_entry(JavaThread*, Thread*)+0xb0
V  [libjvm.dylib+0x99a1a2]  JavaThread::thread_main_inner()+0xb2
V  [libjvm.dylib+0x9972b1]  Thread::call_run()+0x71
V  [libjvm.dylib+0x829327]  thread_native_entry(Thread*)+0x197
C  [libsystem_pthread.dylib+0x6950]  _pthread_start+0xe0
C  [libsystem_pthread.dylib+0x247b]  thread_start+0xf


siginfo: si_signo: 8 (SIGFPE), si_code: 5 (FPE_FLTINV), si_addr: 0x000000011283b2e8

Register to memory mapping:

RAX=0x0 is NULL
RBX=0x0000000000000070 is an unknown value
RCX=0x0 is NULL
RDX=0x0 is NULL
RSP=0x0000000305abd4d0 is pointing into the stack for thread: 0x00007fd4c20c3800
RBP=0x0000000305abd518 is pointing into the stack for thread: 0x00007fd4c20c3800
RSI=0x0000000305abd468 is pointing into the stack for thread: 0x00007fd4c20c3800
RDI=0x0 is NULL
R8 =0x0000000000000001 is an unknown value
R9 =0x00007fd4c20c3800 is a thread
R10=0x000000010d44a8c0: _ZN19TemplateInterpreter13_active_tableE+0x2000 in /Applications/Eclipse.app/Contents/Eclipse/plugins/org.eclipse.justj.openjdk.hotspot.jre.full.macosx.x86_64_15.0.1.v20201027-0507/jre/lib/server/libjvm.dylib at 0x000000010c800000
R11=0x000000011a30a920 is at entry_point+32 in (nmethod*)0x000000011a30a790
R12=0x0 is NULL
R13=0x0000000128828c1e is pointing into metadata
R14=0x0000000305abd548 is pointing into the stack for thread: 0x00007fd4c20c3800
R15=0x00007fd4c20c3800 is a thread


Registers:
RAX=0x0000000000000000, RBX=0x0000000000000070, RCX=0x0000000000000000, RDX=0x0000000000000000
RSP=0x0000000305abd4d0, RBP=0x0000000305abd518, RSI=0x0000000305abd468, RDI=0x0000000000000000
R8 =0x0000000000000001, R9 =0x00007fd4c20c3800, R10=0x000000010d44a8c0, R11=0x000000011a30a920
R12=0x0000000000000000, R13=0x0000000128828c1e, R14=0x0000000305abd548, R15=0x00007fd4c20c3800
RIP=0x000000011283b2e8, EFLAGS=0x0000000000000a87, ERR=0x0000000000000000
  TRAPNO=0x0000000000000000

Top of Stack: (sp=0x0000000305abd4d0)
0x0000000305abd4d0:   0000000305abd4d0 0000000128828c0c
0x0000000305abd4e0:   0000000305abd548 0000000128a0c1e8
0x0000000305abd4f0:   0000000000000000 0000000787ed8090
0x0000000305abd500:   0000000128828cf8 0000000000000000
0x0000000305abd510:   0000000305abd548 0000000305abd598
0x0000000305abd520:   0000000112830f03 0000000000000000
0x0000000305abd530:   0000000000000000 0000000787d77810
0x0000000305abd540:   0000000787d777f8 0000000787ed9530
0x0000000305abd550:   0000000305abd550 0000000128ac3b2f
0x0000000305abd560:   0000000305abd5b8 0000000128ac41d0
0x0000000305abd570:   0000000000000000 0000000787efe2a8
0x0000000305abd580:   0000000128ac3b88 0000000305abd548
0x0000000305abd590:   0000000305abd5b8 0000000305abd608
0x0000000305abd5a0:   0000000112830f03 0000000000000000
0x0000000305abd5b0:   0000000000000000 0000000787efe478
0x0000000305abd5c0:   0000000305abd5c0 0000000128a51dfd
0x0000000305abd5d0:   0000000305abd628 0000000128a53c08
0x0000000305abd5e0:   0000000000000000 0000000787ed9620
0x0000000305abd5f0:   0000000128a51eb0 0000000305abd5b8
0x0000000305abd600:   0000000305abd618 0000000305abd678
0x0000000305abd610:   0000000112830ebe 0000000787eddce8
0x0000000305abd620:   0000000787efe478 0000000787efce90
0x0000000305abd630:   0000000305abd630 0000000128ad5fc0
0x0000000305abd640:   0000000305abd688 0000000128ad6118
0x0000000305abd650:   0000000000000000 0000000787d77390
0x0000000305abd660:   0000000128ad5ff8 0000000305abd618
0x0000000305abd670:   0000000305abd688 0000000305abd6d8
0x0000000305abd680:   0000000112830c20 0000000787d77410
0x0000000305abd690:   0000000305abd690 0000000128ad6089
0x0000000305abd6a0:   0000000305abd6e8 0000000128ad6118
0x0000000305abd6b0:   0000000000000000 0000000787d77390
0x0000000305abd6c0:   0000000128ad60a0 0000000305abd688 

Instructions: (pc=0x000000011283b2e8)
0x000000011283b1e8:   92 ae 27 0d 01 00 00 00 6e 00 00 00 00 00 00 00
0x000000011283b1f8:   00 00 00 00 00 00 00 00 f3 0f 10 04 24 48 83 c4
0x000000011283b208:   08 0f 28 c8 f3 0f 10 04 24 48 83 c4 08 f3 0f 5e
0x000000011283b218:   c1 41 0f b6 5d 01 49 ff c5 49 ba c0 b8 44 0d 01
0x000000011283b228:   00 00 00 41 ff 24 da 90 00 00 00 00 00 00 00 00
0x000000011283b238:   00 00 00 00 00 00 00 00 60 00 00 00 00 00 00 00
0x000000011283b248:   97 ae 27 0d 01 00 00 00 6f 00 00 00 00 00 00 00
0x000000011283b258:   00 00 00 00 00 00 00 00 f2 0f 10 04 24 48 83 c4
0x000000011283b268:   10 66 0f 28 c8 f2 0f 10 04 24 48 83 c4 10 f2 0f
0x000000011283b278:   5e c1 41 0f b6 5d 01 49 ff c5 49 ba c0 c0 44 0d
0x000000011283b288:   01 00 00 00 41 ff 24 da 00 00 00 00 00 00 00 00
0x000000011283b298:   00 00 00 00 00 00 00 00 80 00 00 00 00 00 00 00
0x000000011283b2a8:   9c ae 27 0d 01 00 00 00 70 00 00 00 00 00 00 00
0x000000011283b2b8:   00 00 00 00 00 00 00 00 8b 04 24 48 83 c4 08 8b
0x000000011283b2c8:   c8 8b 04 24 48 83 c4 08 81 f8 00 00 00 80 0f 85
0x000000011283b2d8:   0b 00 00 00 33 d2 83 f9 ff 0f 84 03 00 00 00 99
0x000000011283b2e8:   f7 f9 8b c2 41 0f b6 5d 01 49 ff c5 49 ba c0 a8
0x000000011283b2f8:   44 0d 01 00 00 00 41 ff 24 da 66 0f 1f 44 00 00
0x000000011283b308:   00 00 00 00 00 00 00 00 00 00 00 00 00 00 00 00
0x000000011283b318:   00 00 00 00 00 00 00 00 80 00 00 00 00 00 00 00
0x000000011283b328:   a1 ae 27 0d 01 00 00 00 71 00 00 00 00 00 00 00
0x000000011283b338:   00 00 00 00 00 00 00 00 48 8b 04 24 48 83 c4 10
0x000000011283b348:   48 8b c8 48 8b 04 24 48 83 c4 10 48 85 c9 0f 84
0x000000011283b358:   b3 98 ff ff 48 3b 05 ed a7 ab fa 0f 85 0c 00 00
0x000000011283b368:   00 33 d2 48 83 f9 ff 0f 84 05 00 00 00 48 99 48
0x000000011283b378:   f7 f9 48 8b c2 41 0f b6 5d 01 49 ff c5 49 ba c0
0x000000011283b388:   b0 44 0d 01 00 00 00 41 ff 24 da 0f 1f 44 00 00
0x000000011283b398:   00 00 00 00 00 00 00 00 80 00 00 00 00 00 00 00
0x000000011283b3a8:   a6 ae 27 0d 01 00 00 00 72 00 00 00 00 00 00 00
0x000000011283b3b8:   00 00 00 00 00 00 00 00 f3 0f 10 04 24 48 83 c4
0x000000011283b3c8:   08 0f 28 c8 f3 0f 10 04 24 48 83 c4 08 f7 c4 0f
0x000000011283b3d8:   00 00 00 0f 84 12 00 00 00 48 83 ec 08 e8 c6 64 


Stack slot to memory mapping:
stack at sp + 0 slots: 0x0000000305abd4d0 is pointing into the stack for thread: 0x00007fd4c20c3800
stack at sp + 1 slots: 0x0000000128828c0c is pointing into metadata
stack at sp + 2 slots: 0x0000000305abd548 is pointing into the stack for thread: 0x00007fd4c20c3800
stack at sp + 3 slots: 0x0000000128a0c1e8 is pointing into metadata
stack at sp + 4 slots: 0x0 is NULL
stack at sp + 5 slots: 0x0000000787ed8090 is an oop: java.lang.Class 
{0x0000000787ed8090} - klass: 'java/lang/Class'
stack at sp + 6 slots: {method} {0x0000000128828cf8} 'run' '()V' in 'edu/texas/se/swing/sample/TestSwing$1'
stack at sp + 7 slots: 0x0 is NULL

irem  112 irem  [0x000000011283b2c0, 0x000000011283b320]  96 bytes
[MachCode]
  0x000000011283b2c0: 8b04 2448 | 83c4 088b | c88b 0424 | 4883 c408 | 81f8 0000 | 0080 0f85 | 0b00 0000 | 33d2 83f9 
  0x000000011283b2e0: ff0f 8403 | 0000 0099 | f7f9 8bc2 | 410f b65d | 0149 ffc5 | 49ba c0a8 | 440d 0100 | 0000 41ff 
  0x000000011283b300: 24da 660f | 1f44 0000 | 0000 0000 | 0000 0000 | 0000 0000 | 0000 0000 | 0000 0000 | 0000 0000 
[/MachCode]

---------------  P R O C E S S  ---------------

Threads class SMR info:
_java_thread_list=0x00007fd4a207c0d0, length=15, elements={
0x00007fd4c200a000, 0x00007fd4c2083e00, 0x00007fd4c200fa00, 0x00007fd4c1836800,
0x00007fd4a180ae00, 0x00007fd4a180b400, 0x00007fd4a180ba00, 0x00007fd4c1828200,
0x00007fd4c20c7400, 0x00007fd4c18afe00, 0x00007fd4c1a95800, 0x00007fd4c20c3800,
0x00007fd4c180de00, 0x00007fd4c28dd000, 0x00007fd4c1b69e00
}

Java Threads: ( => current thread )
  0x00007fd4c200a000 JavaThread "Reference Handler" daemon [_thread_blocked, id=16643, stack(0x0000000304a62000,0x0000000304b62000)]
  0x00007fd4c2083e00 JavaThread "Finalizer" daemon [_thread_blocked, id=42755, stack(0x0000000304b65000,0x0000000304c65000)]
  0x00007fd4c200fa00 JavaThread "Signal Dispatcher" daemon [_thread_blocked, id=39939, stack(0x0000000304d77000,0x0000000304e77000)]
  0x00007fd4c1836800 JavaThread "Service Thread" daemon [_thread_blocked, id=24323, stack(0x0000000304e7a000,0x0000000304f7a000)]
  0x00007fd4a180ae00 JavaThread "C2 CompilerThread0" daemon [_thread_blocked, id=25347, stack(0x0000000304f7d000,0x000000030507d000)]
  0x00007fd4a180b400 JavaThread "C1 CompilerThread0" daemon [_thread_blocked, id=26371, stack(0x0000000305080000,0x0000000305180000)]
  0x00007fd4a180ba00 JavaThread "Sweeper thread" daemon [_thread_blocked, id=26627, stack(0x0000000305183000,0x0000000305283000)]
  0x00007fd4c1828200 JavaThread "Notification Thread" daemon [_thread_blocked, id=37635, stack(0x0000000305286000,0x0000000305386000)]
  0x00007fd4c20c7400 JavaThread "Common-Cleaner" daemon [_thread_blocked, id=36355, stack(0x000000030548c000,0x000000030558c000)]
  0x00007fd4c18afe00 JavaThread "AppKit Thread" daemon [_thread_in_native, id=515, stack(0x0000000303aca000,0x00000003042ca000)]
  0x00007fd4c1a95800 JavaThread "AWT-Shutdown" [_thread_blocked, id=48643, stack(0x000000030558f000,0x000000030568f000)]
=>0x00007fd4c20c3800 JavaThread "AWT-EventQueue-0" [_thread_in_Java, id=77059, stack(0x00000003059be000,0x0000000305abe000)]
  0x00007fd4c180de00 JavaThread "DestroyJavaVM" [_thread_blocked, id=8707, stack(0x000000030434d000,0x000000030444d000)]
  0x00007fd4c28dd000 JavaThread "Java2D Queue Flusher" daemon [_thread_blocked, id=74755, stack(0x0000000305ac1000,0x0000000305bc1000)]
  0x00007fd4c1b69e00 JavaThread "Java2D Disposer" daemon [_thread_blocked, id=67335, stack(0x0000000305bc4000,0x0000000305cc4000)]

Other Threads:
  0x00007fd4c1445890 VMThread "VM Thread" [stack: 0x000000030495f000,0x0000000304a5f000] [id=15627]
  0x00007fd4c14700b0 WatcherThread [stack: 0x0000000305389000,0x0000000305489000] [id=37379]
  0x00007fd4c16158a0 GCTaskThread "GC Thread#0" [stack: 0x0000000304450000,0x0000000304550000] [id=18435]
  0x00007fd4c1505470 ConcurrentGCThread "G1 Main Marker" [stack: 0x0000000304553000,0x0000000304653000] [id=17923]
  0x00007fd4c1616560 ConcurrentGCThread "G1 Conc#0" [stack: 0x0000000304656000,0x0000000304756000] [id=14339]
  0x00007fd4c1522070 ConcurrentGCThread "G1 Refine#0" [stack: 0x0000000304759000,0x0000000304859000] [id=17411]
  0x00007fd4c15230e0 ConcurrentGCThread "G1 Young RemSet Sampling" [stack: 0x000000030485c000,0x000000030495c000] [id=15107]

Threads with active compile tasks:

VM state: not at safepoint (normal execution)

VM Mutex/Monitor currently owned by a thread: None

Heap address: 0x0000000780000000, size: 2048 MB, Compressed Oops mode: Zero based, Oop shift amount: 3
CDS disabled.
Compressed class space mapped at: 0x0000000800000000-0x0000000840000000, size: 1073741824
Narrow klass base: 0x0000000800000000, Narrow klass shift: 0, Narrow klass range: 0x40000000

GC Precious Log:
 CPUs: 8 total, 8 available
 Memory: 8192M
 Large Page Support: Disabled
 NUMA Support: Disabled
 Compressed Oops: Enabled (Zero based)
 Heap Region Size: 1M
 Heap Min Capacity: 8M
 Heap Initial Capacity: 128M
 Heap Max Capacity: 2G
 Pre-touch: Disabled
 Parallel Workers: 8
 Concurrent Workers: 2
 Concurrent Refinement Workers: 8
 Periodic GC: Disabled

Heap:
 garbage-first heap   total 131072K, used 3072K [0x0000000780000000, 0x0000000800000000)
  region size 1024K, 4 young (4096K), 0 survivors (0K)
 Metaspace       used 10621K, capacity 10756K, committed 10880K, reserved 1058816K
  class space    used 1037K, capacity 1111K, committed 1152K, reserved 1048576K

Heap Regions: E=young(eden), S=young(survivor), O=old, HS=humongous(starts), HC=humongous(continues), CS=collection set, F=free, OA=open archive, CA=closed archive, TAMS=top-at-mark-start (previous, next)
|   0|0x0000000780000000, 0x0000000780000000, 0x0000000780100000|  0%| F|  |TAMS 0x0000000780000000, 0x0000000780000000| Untracked 
|   1|0x0000000780100000, 0x0000000780100000, 0x0000000780200000|  0%| F|  |TAMS 0x0000000780100000, 0x0000000780100000| Untracked 
|   2|0x0000000780200000, 0x0000000780200000, 0x0000000780300000|  0%| F|  |TAMS 0x0000000780200000, 0x0000000780200000| Untracked 
|   3|0x0000000780300000, 0x0000000780300000, 0x0000000780400000|  0%| F|  |TAMS 0x0000000780300000, 0x0000000780300000| Untracked 
|   4|0x0000000780400000, 0x0000000780400000, 0x0000000780500000|  0%| F|  |TAMS 0x0000000780400000, 0x0000000780400000| Untracked 
|   5|0x0000000780500000, 0x0000000780500000, 0x0000000780600000|  0%| F|  |TAMS 0x0000000780500000, 0x0000000780500000| Untracked 
|   6|0x0000000780600000, 0x0000000780600000, 0x0000000780700000|  0%| F|  |TAMS 0x0000000780600000, 0x0000000780600000| Untracked 
|   7|0x0000000780700000, 0x0000000780700000, 0x0000000780800000|  0%| F|  |TAMS 0x0000000780700000, 0x0000000780700000| Untracked 
|   8|0x0000000780800000, 0x0000000780800000, 0x0000000780900000|  0%| F|  |TAMS 0x0000000780800000, 0x0000000780800000| Untracked 
|   9|0x0000000780900000, 0x0000000780900000, 0x0000000780a00000|  0%| F|  |TAMS 0x0000000780900000, 0x0000000780900000| Untracked 
|  10|0x0000000780a00000, 0x0000000780a00000, 0x0000000780b00000|  0%| F|  |TAMS 0x0000000780a00000, 0x0000000780a00000| Untracked 
|  11|0x0000000780b00000, 0x0000000780b00000, 0x0000000780c00000|  0%| F|  |TAMS 0x0000000780b00000, 0x0000000780b00000| Untracked 
|  12|0x0000000780c00000, 0x0000000780c00000, 0x0000000780d00000|  0%| F|  |TAMS 0x0000000780c00000, 0x0000000780c00000| Untracked 
|  13|0x0000000780d00000, 0x0000000780d00000, 0x0000000780e00000|  0%| F|  |TAMS 0x0000000780d00000, 0x0000000780d00000| Untracked 
|  14|0x0000000780e00000, 0x0000000780e00000, 0x0000000780f00000|  0%| F|  |TAMS 0x0000000780e00000, 0x0000000780e00000| Untracked 
|  15|0x0000000780f00000, 0x0000000780f00000, 0x0000000781000000|  0%| F|  |TAMS 0x0000000780f00000, 0x0000000780f00000| Untracked 
|  16|0x0000000781000000, 0x0000000781000000, 0x0000000781100000|  0%| F|  |TAMS 0x0000000781000000, 0x0000000781000000| Untracked 
|  17|0x0000000781100000, 0x0000000781100000, 0x0000000781200000|  0%| F|  |TAMS 0x0000000781100000, 0x0000000781100000| Untracked 
|  18|0x0000000781200000, 0x0000000781200000, 0x0000000781300000|  0%| F|  |TAMS 0x0000000781200000, 0x0000000781200000| Untracked 
|  19|0x0000000781300000, 0x0000000781300000, 0x0000000781400000|  0%| F|  |TAMS 0x0000000781300000, 0x0000000781300000| Untracked 
|  20|0x0000000781400000, 0x0000000781400000, 0x0000000781500000|  0%| F|  |TAMS 0x0000000781400000, 0x0000000781400000| Untracked 
|  21|0x0000000781500000, 0x0000000781500000, 0x0000000781600000|  0%| F|  |TAMS 0x0000000781500000, 0x0000000781500000| Untracked 
|  22|0x0000000781600000, 0x0000000781600000, 0x0000000781700000|  0%| F|  |TAMS 0x0000000781600000, 0x0000000781600000| Untracked 
|  23|0x0000000781700000, 0x0000000781700000, 0x0000000781800000|  0%| F|  |TAMS 0x0000000781700000, 0x0000000781700000| Untracked 
|  24|0x0000000781800000, 0x0000000781800000, 0x0000000781900000|  0%| F|  |TAMS 0x0000000781800000, 0x0000000781800000| Untracked 
|  25|0x0000000781900000, 0x0000000781900000, 0x0000000781a00000|  0%| F|  |TAMS 0x0000000781900000, 0x0000000781900000| Untracked 
|  26|0x0000000781a00000, 0x0000000781a00000, 0x0000000781b00000|  0%| F|  |TAMS 0x0000000781a00000, 0x0000000781a00000| Untracked 
|  27|0x0000000781b00000, 0x0000000781b00000, 0x0000000781c00000|  0%| F|  |TAMS 0x0000000781b00000, 0x0000000781b00000| Untracked 
|  28|0x0000000781c00000, 0x0000000781c00000, 0x0000000781d00000|  0%| F|  |TAMS 0x0000000781c00000, 0x0000000781c00000| Untracked 
|  29|0x0000000781d00000, 0x0000000781d00000, 0x0000000781e00000|  0%| F|  |TAMS 0x0000000781d00000, 0x0000000781d00000| Untracked 
|  30|0x0000000781e00000, 0x0000000781e00000, 0x0000000781f00000|  0%| F|  |TAMS 0x0000000781e00000, 0x0000000781e00000| Untracked 
|  31|0x0000000781f00000, 0x0000000781f00000, 0x0000000782000000|  0%| F|  |TAMS 0x0000000781f00000, 0x0000000781f00000| Untracked 
|  32|0x0000000782000000, 0x0000000782000000, 0x0000000782100000|  0%| F|  |TAMS 0x0000000782000000, 0x0000000782000000| Untracked 
|  33|0x0000000782100000, 0x0000000782100000, 0x0000000782200000|  0%| F|  |TAMS 0x0000000782100000, 0x0000000782100000| Untracked 
|  34|0x0000000782200000, 0x0000000782200000, 0x0000000782300000|  0%| F|  |TAMS 0x0000000782200000, 0x0000000782200000| Untracked 
|  35|0x0000000782300000, 0x0000000782300000, 0x0000000782400000|  0%| F|  |TAMS 0x0000000782300000, 0x0000000782300000| Untracked 
|  36|0x0000000782400000, 0x0000000782400000, 0x0000000782500000|  0%| F|  |TAMS 0x0000000782400000, 0x0000000782400000| Untracked 
|  37|0x0000000782500000, 0x0000000782500000, 0x0000000782600000|  0%| F|  |TAMS 0x0000000782500000, 0x0000000782500000| Untracked 
|  38|0x0000000782600000, 0x0000000782600000, 0x0000000782700000|  0%| F|  |TAMS 0x0000000782600000, 0x0000000782600000| Untracked 
|  39|0x0000000782700000, 0x0000000782700000, 0x0000000782800000|  0%| F|  |TAMS 0x0000000782700000, 0x0000000782700000| Untracked 
|  40|0x0000000782800000, 0x0000000782800000, 0x0000000782900000|  0%| F|  |TAMS 0x0000000782800000, 0x0000000782800000| Untracked 
|  41|0x0000000782900000, 0x0000000782900000, 0x0000000782a00000|  0%| F|  |TAMS 0x0000000782900000, 0x0000000782900000| Untracked 
|  42|0x0000000782a00000, 0x0000000782a00000, 0x0000000782b00000|  0%| F|  |TAMS 0x0000000782a00000, 0x0000000782a00000| Untracked 
|  43|0x0000000782b00000, 0x0000000782b00000, 0x0000000782c00000|  0%| F|  |TAMS 0x0000000782b00000, 0x0000000782b00000| Untracked 
|  44|0x0000000782c00000, 0x0000000782c00000, 0x0000000782d00000|  0%| F|  |TAMS 0x0000000782c00000, 0x0000000782c00000| Untracked 
|  45|0x0000000782d00000, 0x0000000782d00000, 0x0000000782e00000|  0%| F|  |TAMS 0x0000000782d00000, 0x0000000782d00000| Untracked 
|  46|0x0000000782e00000, 0x0000000782e00000, 0x0000000782f00000|  0%| F|  |TAMS 0x0000000782e00000, 0x0000000782e00000| Untracked 
|  47|0x0000000782f00000, 0x0000000782f00000, 0x0000000783000000|  0%| F|  |TAMS 0x0000000782f00000, 0x0000000782f00000| Untracked 
|  48|0x0000000783000000, 0x0000000783000000, 0x0000000783100000|  0%| F|  |TAMS 0x0000000783000000, 0x0000000783000000| Untracked 
|  49|0x0000000783100000, 0x0000000783100000, 0x0000000783200000|  0%| F|  |TAMS 0x0000000783100000, 0x0000000783100000| Untracked 
|  50|0x0000000783200000, 0x0000000783200000, 0x0000000783300000|  0%| F|  |TAMS 0x0000000783200000, 0x0000000783200000| Untracked 
|  51|0x0000000783300000, 0x0000000783300000, 0x0000000783400000|  0%| F|  |TAMS 0x0000000783300000, 0x0000000783300000| Untracked 
|  52|0x0000000783400000, 0x0000000783400000, 0x0000000783500000|  0%| F|  |TAMS 0x0000000783400000, 0x0000000783400000| Untracked 
|  53|0x0000000783500000, 0x0000000783500000, 0x0000000783600000|  0%| F|  |TAMS 0x0000000783500000, 0x0000000783500000| Untracked 
|  54|0x0000000783600000, 0x0000000783600000, 0x0000000783700000|  0%| F|  |TAMS 0x0000000783600000, 0x0000000783600000| Untracked 
|  55|0x0000000783700000, 0x0000000783700000, 0x0000000783800000|  0%| F|  |TAMS 0x0000000783700000, 0x0000000783700000| Untracked 
|  56|0x0000000783800000, 0x0000000783800000, 0x0000000783900000|  0%| F|  |TAMS 0x0000000783800000, 0x0000000783800000| Untracked 
|  57|0x0000000783900000, 0x0000000783900000, 0x0000000783a00000|  0%| F|  |TAMS 0x0000000783900000, 0x0000000783900000| Untracked 
|  58|0x0000000783a00000, 0x0000000783a00000, 0x0000000783b00000|  0%| F|  |TAMS 0x0000000783a00000, 0x0000000783a00000| Untracked 
|  59|0x0000000783b00000, 0x0000000783b00000, 0x0000000783c00000|  0%| F|  |TAMS 0x0000000783b00000, 0x0000000783b00000| Untracked 
|  60|0x0000000783c00000, 0x0000000783c00000, 0x0000000783d00000|  0%| F|  |TAMS 0x0000000783c00000, 0x0000000783c00000| Untracked 
|  61|0x0000000783d00000, 0x0000000783d00000, 0x0000000783e00000|  0%| F|  |TAMS 0x0000000783d00000, 0x0000000783d00000| Untracked 
|  62|0x0000000783e00000, 0x0000000783e00000, 0x0000000783f00000|  0%| F|  |TAMS 0x0000000783e00000, 0x0000000783e00000| Untracked 
|  63|0x0000000783f00000, 0x0000000783f00000, 0x0000000784000000|  0%| F|  |TAMS 0x0000000783f00000, 0x0000000783f00000| Untracked 
|  64|0x0000000784000000, 0x0000000784000000, 0x0000000784100000|  0%| F|  |TAMS 0x0000000784000000, 0x0000000784000000| Untracked 
|  65|0x0000000784100000, 0x0000000784100000, 0x0000000784200000|  0%| F|  |TAMS 0x0000000784100000, 0x0000000784100000| Untracked 
|  66|0x0000000784200000, 0x0000000784200000, 0x0000000784300000|  0%| F|  |TAMS 0x0000000784200000, 0x0000000784200000| Untracked 
|  67|0x0000000784300000, 0x0000000784300000, 0x0000000784400000|  0%| F|  |TAMS 0x0000000784300000, 0x0000000784300000| Untracked 
|  68|0x0000000784400000, 0x0000000784400000, 0x0000000784500000|  0%| F|  |TAMS 0x0000000784400000, 0x0000000784400000| Untracked 
|  69|0x0000000784500000, 0x0000000784500000, 0x0000000784600000|  0%| F|  |TAMS 0x0000000784500000, 0x0000000784500000| Untracked 
|  70|0x0000000784600000, 0x0000000784600000, 0x0000000784700000|  0%| F|  |TAMS 0x0000000784600000, 0x0000000784600000| Untracked 
|  71|0x0000000784700000, 0x0000000784700000, 0x0000000784800000|  0%| F|  |TAMS 0x0000000784700000, 0x0000000784700000| Untracked 
|  72|0x0000000784800000, 0x0000000784800000, 0x0000000784900000|  0%| F|  |TAMS 0x0000000784800000, 0x0000000784800000| Untracked 
|  73|0x0000000784900000, 0x0000000784900000, 0x0000000784a00000|  0%| F|  |TAMS 0x0000000784900000, 0x0000000784900000| Untracked 
|  74|0x0000000784a00000, 0x0000000784a00000, 0x0000000784b00000|  0%| F|  |TAMS 0x0000000784a00000, 0x0000000784a00000| Untracked 
|  75|0x0000000784b00000, 0x0000000784b00000, 0x0000000784c00000|  0%| F|  |TAMS 0x0000000784b00000, 0x0000000784b00000| Untracked 
|  76|0x0000000784c00000, 0x0000000784c00000, 0x0000000784d00000|  0%| F|  |TAMS 0x0000000784c00000, 0x0000000784c00000| Untracked 
|  77|0x0000000784d00000, 0x0000000784d00000, 0x0000000784e00000|  0%| F|  |TAMS 0x0000000784d00000, 0x0000000784d00000| Untracked 
|  78|0x0000000784e00000, 0x0000000784e00000, 0x0000000784f00000|  0%| F|  |TAMS 0x0000000784e00000, 0x0000000784e00000| Untracked 
|  79|0x0000000784f00000, 0x0000000784f00000, 0x0000000785000000|  0%| F|  |TAMS 0x0000000784f00000, 0x0000000784f00000| Untracked 
|  80|0x0000000785000000, 0x0000000785000000, 0x0000000785100000|  0%| F|  |TAMS 0x0000000785000000, 0x0000000785000000| Untracked 
|  81|0x0000000785100000, 0x0000000785100000, 0x0000000785200000|  0%| F|  |TAMS 0x0000000785100000, 0x0000000785100000| Untracked 
|  82|0x0000000785200000, 0x0000000785200000, 0x0000000785300000|  0%| F|  |TAMS 0x0000000785200000, 0x0000000785200000| Untracked 
|  83|0x0000000785300000, 0x0000000785300000, 0x0000000785400000|  0%| F|  |TAMS 0x0000000785300000, 0x0000000785300000| Untracked 
|  84|0x0000000785400000, 0x0000000785400000, 0x0000000785500000|  0%| F|  |TAMS 0x0000000785400000, 0x0000000785400000| Untracked 
|  85|0x0000000785500000, 0x0000000785500000, 0x0000000785600000|  0%| F|  |TAMS 0x0000000785500000, 0x0000000785500000| Untracked 
|  86|0x0000000785600000, 0x0000000785600000, 0x0000000785700000|  0%| F|  |TAMS 0x0000000785600000, 0x0000000785600000| Untracked 
|  87|0x0000000785700000, 0x0000000785700000, 0x0000000785800000|  0%| F|  |TAMS 0x0000000785700000, 0x0000000785700000| Untracked 
|  88|0x0000000785800000, 0x0000000785800000, 0x0000000785900000|  0%| F|  |TAMS 0x0000000785800000, 0x0000000785800000| Untracked 
|  89|0x0000000785900000, 0x0000000785900000, 0x0000000785a00000|  0%| F|  |TAMS 0x0000000785900000, 0x0000000785900000| Untracked 
|  90|0x0000000785a00000, 0x0000000785a00000, 0x0000000785b00000|  0%| F|  |TAMS 0x0000000785a00000, 0x0000000785a00000| Untracked 
|  91|0x0000000785b00000, 0x0000000785b00000, 0x0000000785c00000|  0%| F|  |TAMS 0x0000000785b00000, 0x0000000785b00000| Untracked 
|  92|0x0000000785c00000, 0x0000000785c00000, 0x0000000785d00000|  0%| F|  |TAMS 0x0000000785c00000, 0x0000000785c00000| Untracked 
|  93|0x0000000785d00000, 0x0000000785d00000, 0x0000000785e00000|  0%| F|  |TAMS 0x0000000785d00000, 0x0000000785d00000| Untracked 
|  94|0x0000000785e00000, 0x0000000785e00000, 0x0000000785f00000|  0%| F|  |TAMS 0x0000000785e00000, 0x0000000785e00000| Untracked 
|  95|0x0000000785f00000, 0x0000000785f00000, 0x0000000786000000|  0%| F|  |TAMS 0x0000000785f00000, 0x0000000785f00000| Untracked 
|  96|0x0000000786000000, 0x0000000786000000, 0x0000000786100000|  0%| F|  |TAMS 0x0000000786000000, 0x0000000786000000| Untracked 
|  97|0x0000000786100000, 0x0000000786100000, 0x0000000786200000|  0%| F|  |TAMS 0x0000000786100000, 0x0000000786100000| Untracked 
|  98|0x0000000786200000, 0x0000000786200000, 0x0000000786300000|  0%| F|  |TAMS 0x0000000786200000, 0x0000000786200000| Untracked 
|  99|0x0000000786300000, 0x0000000786300000, 0x0000000786400000|  0%| F|  |TAMS 0x0000000786300000, 0x0000000786300000| Untracked 
| 100|0x0000000786400000, 0x0000000786400000, 0x0000000786500000|  0%| F|  |TAMS 0x0000000786400000, 0x0000000786400000| Untracked 
| 101|0x0000000786500000, 0x0000000786500000, 0x0000000786600000|  0%| F|  |TAMS 0x0000000786500000, 0x0000000786500000| Untracked 
| 102|0x0000000786600000, 0x0000000786600000, 0x0000000786700000|  0%| F|  |TAMS 0x0000000786600000, 0x0000000786600000| Untracked 
| 103|0x0000000786700000, 0x0000000786700000, 0x0000000786800000|  0%| F|  |TAMS 0x0000000786700000, 0x0000000786700000| Untracked 
| 104|0x0000000786800000, 0x0000000786800000, 0x0000000786900000|  0%| F|  |TAMS 0x0000000786800000, 0x0000000786800000| Untracked 
| 105|0x0000000786900000, 0x0000000786900000, 0x0000000786a00000|  0%| F|  |TAMS 0x0000000786900000, 0x0000000786900000| Untracked 
| 106|0x0000000786a00000, 0x0000000786a00000, 0x0000000786b00000|  0%| F|  |TAMS 0x0000000786a00000, 0x0000000786a00000| Untracked 
| 107|0x0000000786b00000, 0x0000000786b00000, 0x0000000786c00000|  0%| F|  |TAMS 0x0000000786b00000, 0x0000000786b00000| Untracked 
| 108|0x0000000786c00000, 0x0000000786c00000, 0x0000000786d00000|  0%| F|  |TAMS 0x0000000786c00000, 0x0000000786c00000| Untracked 
| 109|0x0000000786d00000, 0x0000000786d00000, 0x0000000786e00000|  0%| F|  |TAMS 0x0000000786d00000, 0x0000000786d00000| Untracked 
| 110|0x0000000786e00000, 0x0000000786e00000, 0x0000000786f00000|  0%| F|  |TAMS 0x0000000786e00000, 0x0000000786e00000| Untracked 
| 111|0x0000000786f00000, 0x0000000786f00000, 0x0000000787000000|  0%| F|  |TAMS 0x0000000786f00000, 0x0000000786f00000| Untracked 
| 112|0x0000000787000000, 0x0000000787000000, 0x0000000787100000|  0%| F|  |TAMS 0x0000000787000000, 0x0000000787000000| Untracked 
| 113|0x0000000787100000, 0x0000000787100000, 0x0000000787200000|  0%| F|  |TAMS 0x0000000787100000, 0x0000000787100000| Untracked 
| 114|0x0000000787200000, 0x0000000787200000, 0x0000000787300000|  0%| F|  |TAMS 0x0000000787200000, 0x0000000787200000| Untracked 
| 115|0x0000000787300000, 0x0000000787300000, 0x0000000787400000|  0%| F|  |TAMS 0x0000000787300000, 0x0000000787300000| Untracked 
| 116|0x0000000787400000, 0x0000000787400000, 0x0000000787500000|  0%| F|  |TAMS 0x0000000787400000, 0x0000000787400000| Untracked 
| 117|0x0000000787500000, 0x0000000787500000, 0x0000000787600000|  0%| F|  |TAMS 0x0000000787500000, 0x0000000787500000| Untracked 
| 118|0x0000000787600000, 0x0000000787600000, 0x0000000787700000|  0%| F|  |TAMS 0x0000000787600000, 0x0000000787600000| Untracked 
| 119|0x0000000787700000, 0x0000000787700000, 0x0000000787800000|  0%| F|  |TAMS 0x0000000787700000, 0x0000000787700000| Untracked 
| 120|0x0000000787800000, 0x0000000787800000, 0x0000000787900000|  0%| F|  |TAMS 0x0000000787800000, 0x0000000787800000| Untracked 
| 121|0x0000000787900000, 0x0000000787900000, 0x0000000787a00000|  0%| F|  |TAMS 0x0000000787900000, 0x0000000787900000| Untracked 
| 122|0x0000000787a00000, 0x0000000787a00000, 0x0000000787b00000|  0%| F|  |TAMS 0x0000000787a00000, 0x0000000787a00000| Untracked 
| 123|0x0000000787b00000, 0x0000000787b00000, 0x0000000787c00000|  0%| F|  |TAMS 0x0000000787b00000, 0x0000000787b00000| Untracked 
| 124|0x0000000787c00000, 0x0000000787d00000, 0x0000000787d00000|100%| E|  |TAMS 0x0000000787c00000, 0x0000000787c00000| Complete 
| 125|0x0000000787d00000, 0x0000000787e00000, 0x0000000787e00000|100%| E|CS|TAMS 0x0000000787d00000, 0x0000000787d00000| Complete 
| 126|0x0000000787e00000, 0x0000000787f00000, 0x0000000787f00000|100%| E|CS|TAMS 0x0000000787e00000, 0x0000000787e00000| Complete 
| 127|0x0000000787f00000, 0x0000000788000000, 0x0000000788000000|100%| E|CS|TAMS 0x0000000787f00000, 0x0000000787f00000| Complete 

Card table byte_map: [0x0000000121c27000,0x0000000122027000] _byte_map_base: 0x000000011e027000

Marking Bits (Prev, Next): (CMBitMap*) 0x00007fd4c2008810, (CMBitMap*) 0x00007fd4c2008850
 Prev Bits: [0x0000000122427000, 0x0000000124427000)
 Next Bits: [0x0000000124427000, 0x0000000126427000)

Polling page: 0x00000001000bb000

Metaspace:

Usage:
  Non-class:      9.42 MB capacity,     9.36 MB (>99%) used,    49.59 KB ( <1%) free+waste,    11.62 KB ( <1%) overhead. 
      Class:      1.08 MB capacity,     1.01 MB ( 93%) used,    68.92 KB (  6%) free+waste,     4.50 KB ( <1%) overhead. 
       Both:     10.50 MB capacity,    10.37 MB ( 99%) used,   118.51 KB (  1%) free+waste,    16.12 KB ( <1%) overhead. 

Virtual space:
  Non-class space:       10.00 MB reserved,       9.50 MB ( 95%) committed 
      Class space:        1.00 GB reserved,       1.12 MB ( <1%) committed 
             Both:        1.01 GB reserved,      10.62 MB (  1%) committed 

Chunk freelists:
   Non-Class:  51.00 KB
       Class:  9.00 KB
        Both:  60.00 KB

MaxMetaspaceSize: 17179869184.00 GB
CompressedClassSpaceSize: 1.00 GB

CodeHeap 'non-profiled nmethods': size=120028Kb used=123Kb max_used=123Kb free=119904Kb
 bounds [0x000000011a2f0000, 0x000000011a560000, 0x0000000121827000]
CodeHeap 'profiled nmethods': size=120028Kb used=647Kb max_used=647Kb free=119380Kb
 bounds [0x0000000112db9000, 0x0000000113029000, 0x000000011a2f0000]
CodeHeap 'non-nmethods': size=5704Kb used=1213Kb max_used=1223Kb free=4491Kb
 bounds [0x0000000112827000, 0x0000000112a97000, 0x0000000112db9000]
 total_blobs=940 nmethods=449 adapters=406
 compilation: enabled
              stopped_count=0, restarted_count=0
 full_count=0

Compilation events (20 events):
Event: 0.599 Thread 0x00007fd4a180b400  440       3       java.lang.String::endsWith (15 bytes)
Event: 0.599 Thread 0x00007fd4a180b400 nmethod 440 0x0000000112e58890 code [0x0000000112e58a60, 0x0000000112e58d80]
Event: 0.599 Thread 0x00007fd4a180b400  439       3       java.util.HashMap$KeyIterator::next (8 bytes)
Event: 0.599 Thread 0x00007fd4a180b400 nmethod 439 0x0000000112e58f10 code [0x0000000112e590a0, 0x0000000112e591e0]
Event: 0.600 Thread 0x00007fd4a180b400  441       3       java.util.ImmutableCollections$List12::size (16 bytes)
Event: 0.600 Thread 0x00007fd4a180b400 nmethod 441 0x0000000112e59290 code [0x0000000112e59420, 0x0000000112e59590]
Event: 0.601 Thread 0x00007fd4a180b400  442       3       java.lang.reflect.Modifier::isPrivate (12 bytes)
Event: 0.601 Thread 0x00007fd4a180b400 nmethod 442 0x0000000112e59610 code [0x0000000112e597a0, 0x0000000112e598d0]
Event: 0.601 Thread 0x00007fd4a180b400  443       3       java.lang.invoke.InvokerBytecodeGenerator::emitStoreResult (27 bytes)
Event: 0.601 Thread 0x00007fd4a180b400 nmethod 443 0x0000000112e59990 code [0x0000000112e59b40, 0x0000000112e59d00]
Event: 0.601 Thread 0x00007fd4a180b400  444       3       java.lang.invoke.LambdaForm$NamedFunction::member (26 bytes)
Event: 0.601 Thread 0x00007fd4a180b400 nmethod 444 0x0000000112e59e10 code [0x0000000112e59fa0, 0x0000000112e5a0b0]
Event: 0.605 Thread 0x00007fd4a180b400  446       3       java.lang.ref.SoftReference::<init> (13 bytes)
Event: 0.605 Thread 0x00007fd4a180b400 nmethod 446 0x0000000112e5a110 code [0x0000000112e5a2c0, 0x0000000112e5a5d0]
Event: 0.606 Thread 0x00007fd4a180b400  447       3       java.lang.invoke.MethodHandleNatives::refKindIsMethod (19 bytes)
Event: 0.606 Thread 0x00007fd4a180b400 nmethod 447 0x0000000112e5a710 code [0x0000000112e5a8a0, 0x0000000112e5aad0]
Event: 0.608 Thread 0x00007fd4a180b400  448       3       java.lang.invoke.LambdaFormEditor$TransformKey::bval (26 bytes)
Event: 0.608 Thread 0x00007fd4a180b400 nmethod 448 0x0000000112e5ab90 code [0x0000000112e5ad20, 0x0000000112e5ae10]
Event: 0.608 Thread 0x00007fd4a180b400  449       1       java.util.concurrent.atomic.AtomicInteger::get (5 bytes)
Event: 0.608 Thread 0x00007fd4a180b400 nmethod 449 0x000000011a30eb90 code [0x000000011a30ed20, 0x000000011a30edd0]

GC Heap History (0 events):
No events

Deoptimization events (4 events):
Event: 0.104 Thread 0x00007fd4c180de00 Uncommon trap: trap_request=0xffffff45 fr.pc=0x000000011a2f3e24 relative=0x00000000000001a4
Event: 0.104 Thread 0x00007fd4c180de00 Uncommon trap: reason=unstable_if action=reinterpret pc=0x000000011a2f3e24 method=java.lang.String.hashCode()I @ 42 c2
Event: 0.104 Thread 0x00007fd4c180de00 DEOPT PACKING pc=0x000000011a2f3e24 sp=0x000000030444b640
Event: 0.104 Thread 0x00007fd4c180de00 DEOPT UNPACKING pc=0x0000000112874e1f sp=0x000000030444b5f8 mode 2

Classes unloaded (0 events):
No events

Classes redefined (0 events):
No events

Internal exceptions (14 events):
Event: 0.127 Thread 0x00007fd4c180de00 Exception <a 'java/lang/NoSuchMethodError'{0x0000000787e12c00}: 'void java.lang.invoke.DirectMethodHandle$Holder.invokeSpecial(java.lang.Object, java.lang.Object, java.lang.Object)'> (0x0000000787e12c00) 
thrown [./open/src/hotspot/share/interpreter/linkResolver.cpp, line 782]
Event: 0.155 Thread 0x00007fd4c180de00 Exception <a 'java/lang/ClassNotFoundException'{0x0000000787e333f8}: sun/awt/resources/spi/awtProvider> (0x0000000787e333f8) 
thrown [./open/src/hotspot/share/classfile/systemDictionary.cpp, line 295]
Event: 0.205 Thread 0x00007fd4c180de00 Exception <a 'java/io/FileNotFoundException'{0x0000000787e8ff38}> (0x0000000787e8ff38) 
thrown [./open/src/hotspot/share/prims/jni.cpp, line 578]
Event: 0.224 Thread 0x00007fd4c180de00 Exception <a 'java/io/FileNotFoundException'{0x0000000787ebe798}> (0x0000000787ebe798) 
thrown [./open/src/hotspot/share/prims/jni.cpp, line 578]
Event: 0.224 Thread 0x00007fd4c180de00 Exception <a 'java/lang/NoSuchMethodError'{0x0000000787ebf9e8}: 'java.lang.Object java.lang.invoke.DirectMethodHandle$Holder.invokeStatic(java.lang.Object)'> (0x0000000787ebf9e8) 
thrown [./open/src/hotspot/share/interpreter/linkResolver.cpp, line 782]
Event: 0.227 Thread 0x00007fd4c180de00 Exception <a 'java/lang/NoSuchMethodError'{0x0000000787ec93a0}: 'java.lang.Object java.lang.invoke.DirectMethodHandle$Holder.invokeStaticInit(java.lang.Object)'> (0x0000000787ec93a0) 
thrown [./open/src/hotspot/share/interpreter/linkResolver.cpp, line 782]
Event: 0.237 Thread 0x00007fd4c180de00 Exception <a 'java/lang/ClassNotFoundException'{0x0000000787edaca0}: sun/awt/resources/spi/awtosxProvider> (0x0000000787edaca0) 
thrown [./open/src/hotspot/share/classfile/systemDictionary.cpp, line 295]
Event: 0.519 Thread 0x00007fd4c20c3800 Exception <a 'java/lang/NoSuchMethodError'{0x0000000787d9bcd0}: 'void java.lang.invoke.DirectMethodHandle$Holder.invokeStatic(java.lang.Object, java.lang.Object)'> (0x0000000787d9bcd0) 
thrown [./open/src/hotspot/share/interpreter/linkResolver.cpp, line 782]
Event: 0.551 Thread 0x00007fd4c20c3800 Exception <a 'java/lang/NoSuchMethodError'{0x0000000787dd7dc8}: 'void java.lang.invoke.DirectMethodHandle$Holder.invokeStaticInit(java.lang.Object)'> (0x0000000787dd7dc8) 
thrown [./open/src/hotspot/share/interpreter/linkResolver.cpp, line 782]
Event: 0.563 Thread 0x00007fd4c20c3800 Exception <a 'java/lang/NoSuchMethodError'{0x0000000787c0fb50}: 'java.lang.Object java.lang.invoke.DirectMethodHandle$Holder.newInvokeSpecial(java.lang.Object, java.lang.Object, java.lang.Object, java.lang.Object, java.lang.Object)'> (0x0000000787c0fb50) 
thrown [./open/src/hotspot/share/interpreter/linkResolver.cpp, line 782]
Event: 0.567 Thread 0x00007fd4c20c3800 Exception <a 'java/lang/NoSuchMethodError'{0x0000000787c1b5e0}: 'java.lang.Object java.lang.invoke.DirectMethodHandle$Holder.invokeStatic(java.lang.Object, int, java.lang.Object, java.lang.Object, java.lang.Object, java.lang.Object)'> (0x0000000787c1b5e0) 
thrown [./open/src/hotspot/share/interpreter/linkResolver.cpp, line 782]
Event: 0.570 Thread 0x00007fd4c20c3800 Exception <a 'java/lang/NoSuchMethodError'{0x0000000787c41858}: 'java.lang.Object java.lang.invoke.DirectMethodHandle$Holder.invokeStatic(java.lang.Object, int, java.lang.Object)'> (0x0000000787c41858) 
thrown [./open/src/hotspot/share/interpreter/linkResolver.cpp, line 782]
Event: 0.575 Thread 0x00007fd4c20c3800 Exception <a 'java/lang/ClassNotFoundException'{0x0000000787c73778}: com/apple/laf/resources/spi/aquaProvider> (0x0000000787c73778) 
thrown [./open/src/hotspot/share/classfile/systemDictionary.cpp, line 295]
Event: 0.596 Thread 0x00007fd4c20c3800 Exception <a 'java/lang/ClassNotFoundException'{0x0000000787ce2cc0}: com/sun/swing/internal/plaf/basic/resources/spi/basicProvider> (0x0000000787ce2cc0) 
thrown [./open/src/hotspot/share/classfile/systemDictionary.cpp, line 295]

Events (20 events):
Event: 0.608 loading class java/awt/event/MouseMotionListener done
Event: 0.608 loading class java/awt/event/WindowFocusListener
Event: 0.608 loading class java/awt/event/WindowFocusListener done
Event: 0.608 loading class java/awt/event/WindowStateListener
Event: 0.608 loading class java/awt/event/WindowStateListener done
Event: 0.608 loading class java/awt/event/ItemListener
Event: 0.608 loading class java/awt/event/ItemListener done
Event: 0.608 loading class java/awt/event/AdjustmentListener
Event: 0.608 loading class java/awt/event/AdjustmentListener done
Event: 0.608 loading class java/awt/event/TextListener
Event: 0.608 loading class java/awt/event/TextListener done
Event: 0.608 loading class java/awt/event/InputMethodListener
Event: 0.608 loading class java/awt/event/InputMethodListener done
Event: 0.608 loading class java/awt/event/HierarchyListener
Event: 0.608 loading class java/awt/event/HierarchyListener done
Event: 0.608 loading class java/awt/event/HierarchyBoundsListener
Event: 0.608 loading class java/awt/event/HierarchyBoundsListener done
Event: 0.608 loading class java/awt/event/MouseWheelListener
Event: 0.608 loading class java/awt/event/MouseWheelListener done
Event: 0.608 loading class java/awt/AWTEventMulticaster done


Dynamic libraries:
0x00007ffdffcaa000 	/Library/Apple/usr/libexec/oah/runtime
0x00007fff2a615000 	/usr/lib/libz.1.dylib
0x000000010835f000 	/Applications/Eclipse.app/Contents/Eclipse/plugins/org.eclipse.justj.openjdk.hotspot.jre.full.macosx.x86_64_15.0.1.v20201027-0507/jre/lib/libjli.dylib
0x00007fff352c7000 	/System/Library/Frameworks/Cocoa.framework/Versions/A/Cocoa
0x00007fff2216c000 	/System/Library/Frameworks/Security.framework/Versions/A/Security
0x00007fff334c4000 	/System/Library/Frameworks/ApplicationServices.framework/Versions/A/ApplicationServices
0x00007fff2a6e1000 	/usr/lib/libSystem.B.dylib
0x00007fff2a6db000 	/usr/lib/system/libcache.dylib
0x00007fff2a697000 	/usr/lib/system/libcommonCrypto.dylib
0x00007fff2a6c1000 	/usr/lib/system/libcompiler_rt.dylib
0x00007fff2a6b6000 	/usr/lib/system/libcopyfile.dylib
0x00007fff2010a000 	/usr/lib/system/libcorecrypto.dylib
0x00007fff201d7000 	/usr/lib/system/libdispatch.dylib
0x00007fff2038c000 	/usr/lib/system/libdyld.dylib
0x00007fff2a6d2000 	/usr/lib/system/libkeymgr.dylib
0x00007fff2dc76000 	/usr/lib/system/liblaunch.dylib
0x00007fff2a675000 	/usr/lib/system/libmacho.dylib
0x00007fff29e8a000 	/usr/lib/system/libquarantine.dylib
0x00007fff2a6cf000 	/usr/lib/system/libremovefile.dylib
0x00007fff24b03000 	/usr/lib/system/libsystem_asl.dylib
0x00007fff200ba000 	/usr/lib/system/libsystem_blocks.dylib
0x00007fff20259000 	/usr/lib/system/libsystem_c.dylib
0x00007fff2a6c9000 	/usr/lib/system/libsystem_collections.dylib
0x00007fff29277000 	/usr/lib/system/libsystem_configuration.dylib
0x00007fff28563000 	/usr/lib/system/libsystem_containermanager.dylib
0x00007fff2a40d000 	/usr/lib/system/libsystem_coreservices.dylib
0x00007fff22720000 	/usr/lib/system/libsystem_darwin.dylib
0x00007fff2a6d3000 	/usr/lib/system/libsystem_dnssd.dylib
0x00007fff20256000 	/usr/lib/system/libsystem_featureflags.dylib
0x00007fff203d1000 	/usr/lib/system/libsystem_info.dylib
0x00007fff2a628000 	/usr/lib/system/libsystem_m.dylib
0x00007fff201aa000 	/usr/lib/system/libsystem_malloc.dylib
0x00007fff24a97000 	/usr/lib/system/libsystem_networkextension.dylib
0x00007fff22b3b000 	/usr/lib/system/libsystem_notify.dylib
0x00007fff3012a000 	/usr/lib/system/libsystem_product_info_filter.dylib
0x00007fff2927b000 	/usr/lib/system/libsystem_sandbox.dylib
0x00007fff2a6cc000 	/usr/lib/system/libsystem_secinit.dylib
0x00007fff20351000 	/usr/lib/system/libsystem_kernel.dylib
0x00007fff203c7000 	/usr/lib/system/libsystem_platform.dylib
0x00007fff20380000 	/usr/lib/system/libsystem_pthread.dylib
0x00007fff26231000 	/usr/lib/system/libsystem_symptoms.dylib
0x00007fff200f2000 	/usr/lib/system/libsystem_trace.dylib
0x00007fff2a6a3000 	/usr/lib/system/libunwind.dylib
0x00007fff200bc000 	/usr/lib/system/libxpc.dylib
0x00007fff20338000 	/usr/lib/libc++abi.dylib
0x00007fff2021c000 	/usr/lib/libobjc.A.dylib
0x00007fff2a6ae000 	/usr/lib/liboah.dylib
0x00007fff202e2000 	/usr/lib/libc++.1.dylib
0x00007fff203fd000 	/System/Library/Frameworks/CoreFoundation.framework/Versions/A/CoreFoundation
0x00007fff210df000 	/System/Library/Frameworks/Foundation.framework/Versions/C/Foundation
0x00007fff22b93000 	/System/Library/Frameworks/AppKit.framework/Versions/C/AppKit
0x00007fff25a51000 	/System/Library/Frameworks/CoreData.framework/Versions/A/CoreData
0x00007fff238f6000 	/System/Library/PrivateFrameworks/UIFoundation.framework/Versions/A/UIFoundation
0x00007fff2fea3000 	/System/Library/PrivateFrameworks/RemoteViewServices.framework/Versions/A/RemoteViewServices
0x00007fff28c2d000 	/System/Library/PrivateFrameworks/XCTTargetBootstrap.framework/Versions/A/XCTTargetBootstrap
0x00007fff2b97f000 	/usr/lib/libspindump.dylib
0x00007fff23b4b000 	/System/Library/Frameworks/UniformTypeIdentifiers.framework/Versions/A/UniformTypeIdentifiers
0x00007fff27403000 	/usr/lib/libapp_launch_measurement.dylib
0x00007fff27406000 	/System/Library/PrivateFrameworks/CoreAutoLayout.framework/Versions/A/CoreAutoLayout
0x00007fff2858f000 	/System/Library/Frameworks/Metal.framework/Versions/A/Metal
0x00007fff29286000 	/usr/lib/liblangid.dylib
0x00007fff28c31000 	/System/Library/PrivateFrameworks/CoreSVG.framework/Versions/A/CoreSVG
0x00007fff24b32000 	/System/Library/PrivateFrameworks/SkyLight.framework/Versions/A/SkyLight
0x00007fff24e99000 	/System/Library/Frameworks/CoreGraphics.framework/Versions/A/CoreGraphics
0x00007fff304fa000 	/System/Library/Frameworks/Accelerate.framework/Versions/A/Accelerate
0x00007fff2b3ba000 	/System/Library/PrivateFrameworks/IconServices.framework/Versions/A/IconServices
0x00007fff28574000 	/System/Library/Frameworks/IOSurface.framework/Versions/A/IOSurface
0x00007fff263e3000 	/usr/lib/libDiagnosticMessagesClient.dylib
0x00007fff28c19000 	/System/Library/PrivateFrameworks/DFRFoundation.framework/Versions/A/DFRFoundation
0x00007fff224be000 	/usr/lib/libicucore.A.dylib
0x00007fff2cec4000 	/System/Library/Frameworks/AudioToolbox.framework/Versions/A/AudioToolbox
0x00007fff2c169000 	/System/Library/PrivateFrameworks/DataDetectorsCore.framework/Versions/A/DataDetectorsCore
0x00007fff28919000 	/System/Library/Frameworks/Carbon.framework/Versions/A/Frameworks/HIToolbox.framework/Versions/A/HIToolbox
0x00007fff26e5e000 	/System/Library/Frameworks/QuartzCore.framework/Versions/A/QuartzCore
0x00007fff2fedf000 	/System/Library/Frameworks/Carbon.framework/Versions/A/Frameworks/SpeechRecognition.framework/Versions/A/SpeechRecognition
0x00007fff2716b000 	/System/Library/PrivateFrameworks/CoreUI.framework/Versions/A/CoreUI
0x00007fff21ac7000 	/System/Library/Frameworks/CoreAudio.framework/Versions/A/CoreAudio
0x00007fff264ce000 	/System/Library/Frameworks/DiskArbitration.framework/Versions/A/DiskArbitration
0x00007fff2bd79000 	/System/Library/PrivateFrameworks/MultitouchSupport.framework/Versions/A/MultitouchSupport
0x00007fff2c160000 	/System/Library/PrivateFrameworks/InternationalSupport.framework/Versions/A/InternationalSupport
0x00007fff24aa6000 	/usr/lib/libenergytrace.dylib
0x00007fff22a8c000 	/System/Library/Frameworks/IOKit.framework/Versions/A/IOKit
0x00007fff3022c000 	/System/Library/Frameworks/CoreServices.framework/Versions/A/CoreServices
0x00007fff27399000 	/System/Library/PrivateFrameworks/PerformanceAnalysis.framework/Versions/A/PerformanceAnalysis
0x00007fff6cba1000 	/System/Library/Frameworks/OpenGL.framework/Versions/A/OpenGL
0x00007fff2c1e5000 	/System/Library/PrivateFrameworks/UserActivity.framework/Versions/A/UserActivity
0x00007fff25553000 	/System/Library/Frameworks/ColorSync.framework/Versions/A/ColorSync
0x00007fff28e9d000 	/System/Library/Frameworks/CoreImage.framework/Versions/A/CoreImage
0x00007fff218de000 	/System/Library/Frameworks/CoreText.framework/Versions/A/CoreText
0x00007fff28c5b000 	/System/Library/Frameworks/ImageIO.framework/Versions/A/ImageIO
0x00007fff2a6e7000 	/System/Library/PrivateFrameworks/SoftLinking.framework/Versions/A/SoftLinking
0x00007fff2744f000 	/usr/lib/libxml2.2.dylib
0x00007fff2a959000 	/usr/lib/libcompression.dylib
0x00007fff24aa7000 	/usr/lib/libMobileGestalt.dylib
0x00007fff2c093000 	/System/Library/PrivateFrameworks/TextureIO.framework/Versions/A/TextureIO
0x00007fff2b047000 	/usr/lib/libate.dylib
0x00007fff2ad72000 	/usr/lib/liblzma.5.dylib
0x00007fff20df3000 	/System/Library/Frameworks/SystemConfiguration.framework/Versions/A/SystemConfiguration
0x00007fff2a6e3000 	/usr/lib/libfakelink.dylib
0x00007fff245f9000 	/System/Library/Frameworks/CFNetwork.framework/Versions/A/CFNetwork
0x00007fff2a823000 	/usr/lib/libarchive.2.dylib
0x00007fff20e71000 	/usr/lib/libCRFSuite.dylib
0x00007fff29eb1000 	/usr/lib/libbsm.0.dylib
0x00007fff23fb5000 	/usr/lib/libnetwork.dylib
0x00007fff2a6e8000 	/usr/lib/libpcap.A.dylib
0x00007fff2622a000 	/usr/lib/libdns_services.dylib
0x00007fff2ad8b000 	/usr/lib/libcoretls_cfhelpers.dylib
0x00007fff2a927000 	/usr/lib/libapple_nghttp2.dylib
0x00007fff2a67b000 	/usr/lib/system/libkxld.dylib
0x00007fff25e98000 	/usr/lib/libsqlite3.dylib
0x00007fff2a3ef000 	/System/Library/PrivateFrameworks/AppleFSCompression.framework/Versions/A/AppleFSCompression
0x00007fff29e99000 	/usr/lib/libcoretls.dylib
0x00007fff2a954000 	/usr/lib/libpam.2.dylib
0x00007fff2ae88000 	/usr/lib/libxar.1.dylib
0x00007fff29282000 	/System/Library/PrivateFrameworks/AppleSystemInfo.framework/Versions/A/AppleSystemInfo
0x00007fff29adc000 	/System/Library/PrivateFrameworks/IOMobileFramebuffer.framework/Versions/A/IOMobileFramebuffer
0x00007fff2a3ff000 	/usr/lib/libbz2.1.0.dylib
0x00007fff2a720000 	/usr/lib/libiconv.2.dylib
0x00007fff2a674000 	/usr/lib/libcharset.1.dylib
0x00007fff273d5000 	/System/Library/Frameworks/CoreServices.framework/Versions/A/Frameworks/FSEvents.framework/Versions/A/FSEvents
0x00007fff2272a000 	/System/Library/Frameworks/CoreServices.framework/Versions/A/Frameworks/CarbonCore.framework/Versions/A/CarbonCore
0x00007fff26433000 	/System/Library/Frameworks/CoreServices.framework/Versions/A/Frameworks/Metadata.framework/Versions/A/Metadata
0x00007fff2a412000 	/System/Library/Frameworks/CoreServices.framework/Versions/A/Frameworks/OSServices.framework/Versions/A/OSServices
0x00007fff2a895000 	/System/Library/Frameworks/CoreServices.framework/Versions/A/Frameworks/SearchKit.framework/Versions/A/SearchKit
0x00007fff261b4000 	/System/Library/Frameworks/CoreServices.framework/Versions/A/Frameworks/AE.framework/Versions/A/AE
0x00007fff20899000 	/System/Library/Frameworks/CoreServices.framework/Versions/A/Frameworks/LaunchServices.framework/Versions/A/LaunchServices
0x00007fff2ad23000 	/System/Library/Frameworks/CoreServices.framework/Versions/A/Frameworks/DictionaryServices.framework/Versions/A/DictionaryServices
0x00007fff273de000 	/System/Library/Frameworks/CoreServices.framework/Versions/A/Frameworks/SharedFileList.framework/Versions/A/SharedFileList
0x00007fff29e8d000 	/usr/lib/libCheckFix.dylib
0x00007fff24b1a000 	/System/Library/PrivateFrameworks/TCC.framework/Versions/A/TCC
0x00007fff29288000 	/System/Library/PrivateFrameworks/CoreNLP.framework/Versions/A/CoreNLP
0x00007fff263e6000 	/System/Library/PrivateFrameworks/MetadataUtilities.framework/Versions/A/MetadataUtilities
0x00007fff20ea7000 	/usr/lib/libmecabra.dylib
0x00007fff2a1a1000 	/System/Library/Frameworks/MLCompute.framework/Versions/A/MLCompute
0x00007fff29ec2000 	/usr/lib/libmecab.dylib
0x00007fff29f0c000 	/usr/lib/libgermantok.dylib
0x00007fff2a8fd000 	/usr/lib/libThaiTokenizer.dylib
0x00007fff2aec3000 	/usr/lib/libChineseTokenizer.dylib
0x00007fff2a952000 	/System/Library/Frameworks/MetalPerformanceShaders.framework/Versions/A/MetalPerformanceShaders
0x00007fff264d5000 	/System/Library/Frameworks/Accelerate.framework/Versions/A/Frameworks/vImage.framework/Versions/A/vImage
0x00007fff30205000 	/System/Library/Frameworks/Accelerate.framework/Versions/A/Frameworks/vecLib.framework/Versions/A/vecLib
0x00007fff2aece000 	/System/Library/Frameworks/Accelerate.framework/Versions/A/Frameworks/vecLib.framework/Versions/A/libvMisc.dylib
0x00007fff29938000 	/System/Library/Frameworks/Accelerate.framework/Versions/A/Frameworks/vecLib.framework/Versions/A/libvDSP.dylib
0x00007fff20b9d000 	/System/Library/Frameworks/Accelerate.framework/Versions/A/Frameworks/vecLib.framework/Versions/A/libBLAS.dylib
0x00007fff2a978000 	/System/Library/Frameworks/Accelerate.framework/Versions/A/Frameworks/vecLib.framework/Versions/A/libLAPACK.dylib
0x00007fff29f12000 	/System/Library/Frameworks/Accelerate.framework/Versions/A/Frameworks/vecLib.framework/Versions/A/libLinearAlgebra.dylib
0x00007fff2a93f000 	/System/Library/Frameworks/Accelerate.framework/Versions/A/Frameworks/vecLib.framework/Versions/A/libSparseBLAS.dylib
0x00007fff2a972000 	/System/Library/Frameworks/Accelerate.framework/Versions/A/Frameworks/vecLib.framework/Versions/A/libQuadrature.dylib
0x00007fff29330000 	/System/Library/Frameworks/Accelerate.framework/Versions/A/Frameworks/vecLib.framework/Versions/A/libBNNS.dylib
0x00007fff20d84000 	/System/Library/Frameworks/Accelerate.framework/Versions/A/Frameworks/vecLib.framework/Versions/A/libSparse.dylib
0x00007fff2921b000 	/System/Library/Frameworks/MetalPerformanceShaders.framework/Versions/A/Frameworks/MPSCore.framework/Versions/A/MPSCore
0x00007fff2a35e000 	/System/Library/Frameworks/MetalPerformanceShaders.framework/Versions/A/Frameworks/MPSImage.framework/Versions/A/MPSImage
0x00007fff29f29000 	/System/Library/Frameworks/MetalPerformanceShaders.framework/Versions/A/Frameworks/MPSNeuralNetwork.framework/Versions/A/MPSNeuralNetwork
0x00007fff2a2e9000 	/System/Library/Frameworks/MetalPerformanceShaders.framework/Versions/A/Frameworks/MPSMatrix.framework/Versions/A/MPSMatrix
0x00007fff2a151000 	/System/Library/Frameworks/MetalPerformanceShaders.framework/Versions/A/Frameworks/MPSRayIntersector.framework/Versions/A/MPSRayIntersector
0x00007fff2a320000 	/System/Library/Frameworks/MetalPerformanceShaders.framework/Versions/A/Frameworks/MPSNDArray.framework/Versions/A/MPSNDArray
0x00007fff20ac9000 	/System/Library/PrivateFrameworks/MetalTools.framework/Versions/A/MetalTools
0x00007fff29280000 	/System/Library/PrivateFrameworks/AggregateDictionary.framework/Versions/A/AggregateDictionary
0x00007fff263be000 	/System/Library/PrivateFrameworks/CoreAnalytics.framework/Versions/A/CoreAnalytics
0x00007fff2a8ff000 	/System/Library/PrivateFrameworks/AppleSauce.framework/Versions/A/AppleSauce
0x00007fff28586000 	/System/Library/PrivateFrameworks/IOAccelerator.framework/Versions/A/IOAccelerator
0x00007fff6cb95000 	/System/Library/Frameworks/OpenGL.framework/Versions/A/Libraries/libCoreFSCache.dylib
0x00007fff21443000 	/System/Library/PrivateFrameworks/LanguageModeling.framework/Versions/A/LanguageModeling
0x00007fff29ac9000 	/System/Library/PrivateFrameworks/CoreEmoji.framework/Versions/A/CoreEmoji
0x00007fff29329000 	/System/Library/PrivateFrameworks/LinguisticData.framework/Versions/A/LinguisticData
0x00007fff20d36000 	/System/Library/PrivateFrameworks/Lexicon.framework/Versions/A/Lexicon
0x00007fff2a811000 	/usr/lib/libcmph.dylib
0x00007fff273b5000 	/System/Library/Frameworks/OpenDirectory.framework/Versions/A/Frameworks/CFOpenDirectory.framework/Versions/A/CFOpenDirectory
0x00007fff273a5000 	/System/Library/Frameworks/OpenDirectory.framework/Versions/A/OpenDirectory
0x00007fff2ad8d000 	/System/Library/PrivateFrameworks/APFS.framework/Versions/A/APFS
0x00007fff29dee000 	/System/Library/Frameworks/SecurityFoundation.framework/Versions/A/SecurityFoundation
0x00007fff2ae96000 	/usr/lib/libutil.dylib
0x00007fff22a51000 	/System/Library/PrivateFrameworks/CoreServicesStore.framework/Versions/A/CoreServicesStore
0x00007fff29e85000 	/System/Library/Frameworks/ServiceManagement.framework/Versions/A/ServiceManagement
0x00007fff2ae9a000 	/usr/lib/libxslt.1.dylib
0x00007fff29e7b000 	/System/Library/PrivateFrameworks/BackgroundTaskManagement.framework/Versions/A/BackgroundTaskManagement
0x00007fff2bfde000 	/System/Library/Frameworks/ImageIO.framework/Versions/A/Resources/libRadiance.dylib
0x00007fff2bfe7000 	/System/Library/Frameworks/ImageIO.framework/Versions/A/Resources/libJPEG.dylib
0x00007fff2bf33000 	/System/Library/Frameworks/ImageIO.framework/Versions/A/Resources/libPng.dylib
0x00007fff2bf5a000 	/System/Library/Frameworks/ImageIO.framework/Versions/A/Resources/libTIFF.dylib
0x00007fff2c03c000 	/System/Library/Frameworks/ImageIO.framework/Versions/A/Resources/libGIF.dylib
0x00007fff2bc97000 	/System/Library/Frameworks/ImageIO.framework/Versions/A/Resources/libJP2.dylib
0x00007fff2b381000 	/usr/lib/libexpat.1.dylib
0x00007fff2bc4c000 	/System/Library/PrivateFrameworks/AppleJPEG.framework/Versions/A/AppleJPEG
0x00007fff287bc000 	/System/Library/PrivateFrameworks/FontServices.framework/libFontParser.dylib
0x00007fff26168000 	/System/Library/PrivateFrameworks/RunningBoardServices.framework/Versions/A/RunningBoardServices
0x00007fff2bd75000 	/System/Library/PrivateFrameworks/WatchdogClient.framework/Versions/A/WatchdogClient
0x00007fff21530000 	/System/Library/Frameworks/CoreDisplay.framework/Versions/A/CoreDisplay
0x00007fff286d2000 	/System/Library/Frameworks/CoreMedia.framework/Versions/A/CoreMedia
0x00007fff27532000 	/System/Library/Frameworks/CoreVideo.framework/Versions/A/CoreVideo
0x00007fff2bdad000 	/System/Library/Frameworks/VideoToolbox.framework/Versions/A/VideoToolbox
0x00007fff260e6000 	/System/Library/PrivateFrameworks/BaseBoard.framework/Versions/A/BaseBoard
0x00007fff2b4c6000 	/System/Library/PrivateFrameworks/PersistentConnection.framework/Versions/A/PersistentConnection
0x00007fff25e81000 	/System/Library/PrivateFrameworks/ProtocolBuffer.framework/Versions/A/ProtocolBuffer
0x00007fff260cd000 	/System/Library/PrivateFrameworks/CommonUtilities.framework/Versions/A/CommonUtilities
0x00007fff2bbe1000 	/System/Library/PrivateFrameworks/Bom.framework/Versions/A/Bom
0x00007fff2bfd7000 	/System/Library/PrivateFrameworks/GPUWrangler.framework/Versions/A/GPUWrangler
0x00007fff2bfba000 	/System/Library/PrivateFrameworks/IOPresentment.framework/Versions/A/IOPresentment
0x00007fff2bfe1000 	/System/Library/PrivateFrameworks/DSExternalDisplay.framework/Versions/A/DSExternalDisplay
0x00007fff2c041000 	/System/Library/PrivateFrameworks/CMCaptureCore.framework/Versions/A/CMCaptureCore
0x00007fff2b966000 	/System/Library/PrivateFrameworks/AppServerSupport.framework/Versions/A/AppServerSupport
0x00007fff2da15000 	/System/Library/PrivateFrameworks/perfdata.framework/Versions/A/perfdata
0x00007fff29ddd000 	/System/Library/PrivateFrameworks/AssertionServices.framework/Versions/A/AssertionServices
0x00007fff21667000 	/System/Library/PrivateFrameworks/AudioToolboxCore.framework/Versions/A/AudioToolboxCore
0x00007fff286b5000 	/System/Library/PrivateFrameworks/caulk.framework/Versions/A/caulk
0x00007fff3d6c0000 	/System/Library/PrivateFrameworks/SystemPolicy.framework/Versions/A/SystemPolicy
0x00007fff2b176000 	/usr/lib/libIOReport.dylib
0x00007fff2d237000 	/usr/lib/libSMC.dylib
0x00007fff2bf00000 	/usr/lib/libAudioToolboxUtility.dylib
0x00007fff3e02a000 	/usr/lib/libmis.dylib
0x00007fff6cbf1000 	/System/Library/Frameworks/OpenGL.framework/Versions/A/Libraries/libGLU.dylib
0x00007fff6cbb4000 	/System/Library/Frameworks/OpenGL.framework/Versions/A/Libraries/libGFXShared.dylib
0x00007fff6cdc3000 	/System/Library/Frameworks/OpenGL.framework/Versions/A/Libraries/libGL.dylib
0x00007fff6cbbd000 	/System/Library/Frameworks/OpenGL.framework/Versions/A/Libraries/libGLImage.dylib
0x00007fff6cbb1000 	/System/Library/Frameworks/OpenGL.framework/Versions/A/Libraries/libCVMSPluginSupport.dylib
0x00007fff6cb9c000 	/System/Library/Frameworks/OpenGL.framework/Versions/A/Libraries/libCoreVMClient.dylib
0x00007fff6e204000 	/System/Library/Frameworks/OpenCL.framework/Versions/A/OpenCL
0x00007fff2b4f0000 	/System/Library/PrivateFrameworks/GraphVisualizer.framework/Versions/A/GraphVisualizer
0x00007fff2b4ff000 	/System/Library/PrivateFrameworks/FaceCore.framework/Versions/A/FaceCore
0x00007fff2b91b000 	/System/Library/PrivateFrameworks/OTSVG.framework/Versions/A/OTSVG
0x00007fff27129000 	/System/Library/Frameworks/ApplicationServices.framework/Versions/A/Frameworks/ATS.framework/Versions/A/Resources/libFontRegistry.dylib
0x00007fff2b96d000 	/System/Library/PrivateFrameworks/FontServices.framework/libhvf.dylib
0x00007fff2b32d000 	/System/Library/PrivateFrameworks/AppleVA.framework/Versions/A/AppleVA
0x00007fff2d080000 	/System/Library/Frameworks/ApplicationServices.framework/Versions/A/Frameworks/ATS.framework/Versions/A/ATS
0x00007fff2d392000 	/System/Library/Frameworks/ApplicationServices.framework/Versions/A/Frameworks/ColorSyncLegacy.framework/Versions/A/ColorSyncLegacy
0x00007fff2564a000 	/System/Library/Frameworks/ApplicationServices.framework/Versions/A/Frameworks/HIServices.framework/Versions/A/HIServices
0x00007fff2d377000 	/System/Library/Frameworks/ApplicationServices.framework/Versions/A/Frameworks/LangAnalysis.framework/Versions/A/LangAnalysis
0x00007fff2c04b000 	/System/Library/Frameworks/ApplicationServices.framework/Versions/A/Frameworks/PrintCore.framework/Versions/A/PrintCore
0x00007fff2d39a000 	/System/Library/Frameworks/ApplicationServices.framework/Versions/A/Frameworks/QD.framework/Versions/A/QD
0x00007fff2d070000 	/System/Library/Frameworks/ApplicationServices.framework/Versions/A/Frameworks/SpeechSynthesis.framework/Versions/A/SpeechSynthesis
0x00007fff2c00c000 	/System/Library/Frameworks/ApplicationServices.framework/Versions/A/Frameworks/ATSUI.framework/Versions/A/ATSUI
0x00007fff2d317000 	/usr/lib/libcups.2.dylib
0x00007fff2d387000 	/System/Library/PrivateFrameworks/NetAuth.framework/Versions/A/NetAuth
0x00007fff2da31000 	/System/Library/Frameworks/Kerberos.framework/Versions/A/Kerberos
0x00007fff2da41000 	/System/Library/Frameworks/GSS.framework/Versions/A/GSS
0x00007fff2d0ec000 	/usr/lib/libresolv.9.dylib
0x00007fff2b982000 	/System/Library/PrivateFrameworks/Heimdal.framework/Versions/A/Heimdal
0x00007fff337c5000 	/System/Library/Frameworks/Kerberos.framework/Versions/A/Libraries/libHeimdalProxy.dylib
0x00007fff26239000 	/System/Library/Frameworks/Network.framework/Versions/A/Network
0x00007fff2b39b000 	/usr/lib/libheimdal-asn1.dylib
0x00007fff2da91000 	/System/Library/PrivateFrameworks/CommonAuth.framework/Versions/A/CommonAuth
0x00007fff2757f000 	/System/Library/PrivateFrameworks/login.framework/Versions/A/Frameworks/loginsupport.framework/Versions/A/loginsupport
0x00007fff2cff5000 	/System/Library/PrivateFrameworks/AudioSession.framework/Versions/A/AudioSession
0x00007fff2d05d000 	/usr/lib/libAudioStatistics.dylib
0x00007fff2b428000 	/System/Library/PrivateFrameworks/MediaExperience.framework/Versions/A/MediaExperience
0x00007fff2ce92000 	/System/Library/PrivateFrameworks/AudioSession.framework/libSessionUtility.dylib
0x00007fff2da22000 	/usr/lib/libperfcheck.dylib
0x00007fff2d3a6000 	/System/Library/PrivateFrameworks/AudioResourceArbitration.framework/Versions/A/AudioResourceArbitration
0x00007fff2b3a5000 	/System/Library/PrivateFrameworks/IconFoundation.framework/Versions/A/IconFoundation
0x00007fff2fecf000 	/System/Library/PrivateFrameworks/SpeechRecognitionCore.framework/Versions/A/SpeechRecognitionCore
0x000000010c800000 	/Applications/Eclipse.app/Contents/Eclipse/plugins/org.eclipse.justj.openjdk.hotspot.jre.full.macosx.x86_64_15.0.1.v20201027-0507/jre/lib/server/libjvm.dylib
0x00000001083eb000 	/Applications/Eclipse.app/Contents/Eclipse/plugins/org.eclipse.justj.openjdk.hotspot.jre.full.macosx.x86_64_15.0.1.v20201027-0507/jre/lib/libjimage.dylib
0x000000010844d000 	/Applications/Eclipse.app/Contents/Eclipse/plugins/org.eclipse.justj.openjdk.hotspot.jre.full.macosx.x86_64_15.0.1.v20201027-0507/jre/lib/libjava.dylib
0x000000010876b000 	/Applications/Eclipse.app/Contents/Eclipse/plugins/org.eclipse.justj.openjdk.hotspot.jre.full.macosx.x86_64_15.0.1.v20201027-0507/jre/lib/libzip.dylib
0x000000012a8b0000 	/Applications/Eclipse.app/Contents/Eclipse/plugins/org.eclipse.justj.openjdk.hotspot.jre.full.macosx.x86_64_15.0.1.v20201027-0507/jre/lib/libnio.dylib
0x000000012a8de000 	/Applications/Eclipse.app/Contents/Eclipse/plugins/org.eclipse.justj.openjdk.hotspot.jre.full.macosx.x86_64_15.0.1.v20201027-0507/jre/lib/libnet.dylib
0x000000012a936000 	/Applications/Eclipse.app/Contents/Eclipse/plugins/org.eclipse.justj.openjdk.hotspot.jre.full.macosx.x86_64_15.0.1.v20201027-0507/jre/lib/libawt.dylib
0x000000012aab0000 	/Applications/Eclipse.app/Contents/Eclipse/plugins/org.eclipse.justj.openjdk.hotspot.jre.full.macosx.x86_64_15.0.1.v20201027-0507/jre/lib/libmlib_image.dylib
0x00007fff6fa31000 	/System/Library/Frameworks/JavaNativeFoundation.framework/Versions/A/JavaNativeFoundation
0x00007fff6fa3d000 	/System/Library/Frameworks/JavaRuntimeSupport.framework/Versions/A/JavaRuntimeSupport
0x00007fff3d438000 	/System/Library/Frameworks/Carbon.framework/Versions/A/Carbon
0x00007fff31e99000 	/System/Library/PrivateFrameworks/CoreSymbolication.framework/Versions/A/CoreSymbolication
0x00007fff36732000 	/System/Library/Frameworks/Carbon.framework/Versions/A/Frameworks/CommonPanels.framework/Versions/A/CommonPanels
0x00007fff3327f000 	/System/Library/Frameworks/Carbon.framework/Versions/A/Frameworks/Help.framework/Versions/A/Help
0x00007fff36736000 	/System/Library/Frameworks/Carbon.framework/Versions/A/Frameworks/ImageCapture.framework/Versions/A/ImageCapture
0x00007fff3670e000 	/System/Library/Frameworks/Carbon.framework/Versions/A/Frameworks/OpenScripting.framework/Versions/A/OpenScripting
0x00007fff3672e000 	/System/Library/Frameworks/Carbon.framework/Versions/A/Frameworks/Ink.framework/Versions/A/Ink
0x00007fff3d434000 	/System/Library/Frameworks/Carbon.framework/Versions/A/Frameworks/Print.framework/Versions/A/Print
0x00007fff3672a000 	/System/Library/Frameworks/Carbon.framework/Versions/A/Frameworks/SecurityHI.framework/Versions/A/SecurityHI
0x00007fff31e5c000 	/System/Library/PrivateFrameworks/DebugSymbols.framework/Versions/A/DebugSymbols
0x000000012ac09000 	/Applications/Eclipse.app/Contents/Eclipse/plugins/org.eclipse.justj.openjdk.hotspot.jre.full.macosx.x86_64_15.0.1.v20201027-0507/jre/lib/libawt_lwawt.dylib
0x000000012ad9d000 	/Applications/Eclipse.app/Contents/Eclipse/plugins/org.eclipse.justj.openjdk.hotspot.jre.full.macosx.x86_64_15.0.1.v20201027-0507/jre/lib/libosxapp.dylib
0x00007fff3c7f8000 	/System/Library/Frameworks/ExceptionHandling.framework/Versions/A/ExceptionHandling
0x000000012ae40000 	/Applications/Eclipse.app/Contents/Eclipse/plugins/org.eclipse.justj.openjdk.hotspot.jre.full.macosx.x86_64_15.0.1.v20201027-0507/jre/lib/libfontmanager.dylib
0x000000012b0da000 	/Applications/Eclipse.app/Contents/Eclipse/plugins/org.eclipse.justj.openjdk.hotspot.jre.full.macosx.x86_64_15.0.1.v20201027-0507/jre/lib/libfreetype.dylib
0x00007fff22a12000 	/System/Library/PrivateFrameworks/CoreServicesInternal.framework/Versions/A/CoreServicesInternal
0x00007fff313b5000 	/System/Library/Frameworks/FileProvider.framework/Versions/A/FileProvider
0x00007fff26050000 	/System/Library/Frameworks/Accounts.framework/Versions/A/Accounts
0x00007fff314d6000 	/System/Library/PrivateFrameworks/GenerationalStorage.framework/Versions/A/GenerationalStorage
0x00007fff30dd4000 	/System/Library/PrivateFrameworks/SymptomDiagnosticReporter.framework/Versions/A/SymptomDiagnosticReporter
0x00007fff2e6da000 	/System/Library/PrivateFrameworks/AppContainer.framework/Versions/A/AppContainer
0x00007fff23b5e000 	/System/Library/PrivateFrameworks/DesktopServicesPriv.framework/Versions/A/DesktopServicesPriv
0x00007fff22b47000 	/usr/lib/libsandbox.1.dylib
0x00007fff275ab000 	/System/Library/PrivateFrameworks/UserManagement.framework/Versions/A/UserManagement
0x00007fff29dba000 	/System/Library/PrivateFrameworks/MobileKeyBag.framework/Versions/A/MobileKeyBag
0x00007fff3482f000 	/System/Library/PrivateFrameworks/ChunkingLibrary.framework/Versions/A/ChunkingLibrary
0x00007fff2e6ef000 	/System/Library/PrivateFrameworks/SecCodeWrapper.framework/Versions/A/SecCodeWrapper
0x00007fff2b17e000 	/System/Library/PrivateFrameworks/CrashReporterSupport.framework/Versions/A/CrashReporterSupport
0x00007fff485b2000 	/System/Library/PrivateFrameworks/OSAnalytics.framework/Versions/A/OSAnalytics
0x00007fff783c9000 	/usr/lib/libRosetta.dylib
0x00007fff33210000 	/System/Library/PrivateFrameworks/RemoteServiceDiscovery.framework/Versions/A/RemoteServiceDiscovery
0x00007fff52589000 	/System/Library/PrivateFrameworks/Symbolication.framework/Versions/A/Symbolication
0x00007fff33220000 	/System/Library/PrivateFrameworks/RemoteXPC.framework/Versions/A/RemoteXPC
0x00007fff3972b000 	/System/Library/PrivateFrameworks/OSAServicesClient.framework/Versions/A/OSAServicesClient
0x00007fff3e009000 	/System/Library/PrivateFrameworks/MallocStackLogging.framework/Versions/A/MallocStackLogging
0x00007fff2e471000 	/System/Library/PrivateFrameworks/Sharing.framework/Versions/A/Sharing
0x00007fff32ded000 	/System/Library/PrivateFrameworks/Apple80211.framework/Versions/A/Apple80211
0x00007fff2a440000 	/System/Library/PrivateFrameworks/AuthKit.framework/Versions/A/AuthKit
0x00007fff29bba000 	/System/Library/PrivateFrameworks/CoreUtils.framework/Versions/A/CoreUtils
0x00007fff29ae7000 	/System/Library/Frameworks/CoreWLAN.framework/Versions/A/CoreWLAN
0x00007fff2e5b9000 	/System/Library/Frameworks/IOBluetooth.framework/Versions/A/IOBluetooth
0x00007fff32e51000 	/System/Library/PrivateFrameworks/CoreWiFi.framework/Versions/A/CoreWiFi
0x00007fff2db19000 	/System/Library/PrivateFrameworks/CorePhoneNumbers.framework/Versions/A/CorePhoneNumbers
0x00007fff30edc000 	/System/Library/PrivateFrameworks/DiskManagement.framework/Versions/A/DiskManagement
0x00007fff30df2000 	/System/Library/PrivateFrameworks/AppleIDAuthSupport.framework/Versions/A/AppleIDAuthSupport
0x00007fff2daf6000 	/System/Library/PrivateFrameworks/KeychainCircle.framework/Versions/A/KeychainCircle
0x00007fff30ea8000 	/System/Library/PrivateFrameworks/MediaKit.framework/Versions/A/MediaKit
0x00007fff30dff000 	/System/Library/Frameworks/DiscRecording.framework/Versions/A/DiscRecording
0x00007fff2b2a1000 	/usr/lib/libCoreStorage.dylib
0x00007fff3328b000 	/usr/lib/libcsfde.dylib
0x00007fff2e6f3000 	/System/Library/PrivateFrameworks/ProtectedCloudStorage.framework/Versions/A/ProtectedCloudStorage
0x00007fff33283000 	/System/Library/PrivateFrameworks/EFILogin.framework/Versions/A/EFILogin
0x00007fff33878000 	/System/Library/Frameworks/AudioUnit.framework/Versions/A/AudioUnit
0x00007fff30d71000 	/System/Library/Frameworks/CoreBluetooth.framework/Versions/A/CoreBluetooth
0x00007fff2b299000 	/usr/lib/libMatch.1.dylib
0x00007fff44243000 	/System/Library/CoreServices/RawCamera.bundle/Contents/MacOS/RawCamera
0x00007fff2daa2000 	/System/Library/PrivateFrameworks/MobileAsset.framework/Versions/A/MobileAsset
0x00007fff3389d000 	/System/Library/PrivateFrameworks/StreamingZip.framework/Versions/A/StreamingZip
0x00007fff2c244000 	/System/Library/Frameworks/MediaToolbox.framework/Versions/A/MediaToolbox
0x00007fff31387000 	/System/Library/PrivateFrameworks/CoreAVCHD.framework/Versions/A/CoreAVCHD
0x00007fff3053b000 	/System/Library/Frameworks/MediaAccessibility.framework/Versions/A/MediaAccessibility
0x00007fff31383000 	/System/Library/PrivateFrameworks/Mangrove.framework/Versions/A/Mangrove
0x00007fff30547000 	/System/Library/PrivateFrameworks/AlgosScoreFramework.framework/Versions/A/AlgosScoreFramework
0x00007fff31d4c000 	/System/Library/PrivateFrameworks/AppleVPA.framework/Versions/A/AppleVPA
0x00007fff30fc8000 	/System/Library/PrivateFrameworks/CoreAUC.framework/Versions/A/CoreAUC
0x00007fff41c36000 	/System/Library/Frameworks/Accelerate.framework/Versions/A/Frameworks/vImage.framework/Versions/A/Libraries/libCGInterfaces.dylib
0x000000012d69f000 	/usr/lib/libobjc-trampolines.dylib
0x00007fff272ad000 	/System/Library/PrivateFrameworks/ViewBridge.framework/Versions/A/ViewBridge
0x00007fff6cdce000 	/System/Library/Frameworks/OpenGL.framework/Versions/A/Resources/GLEngine.bundle/GLEngine
0x00007fff6cc2e000 	/System/Library/Frameworks/OpenGL.framework/Versions/A/Libraries/libGLProgrammability.dylib
0x000000012fca4000 	/System/Library/Extensions/AppleMetalOpenGLRenderer.bundle/Contents/MacOS/AppleMetalOpenGLRenderer
0x00007fff6cf4a000 	/System/Library/Frameworks/OpenGL.framework/Versions/A/Resources/GLRendererFloat.bundle/GLRendererFloat
0x000000012fdf9000 	/System/Library/Extensions/AGXMetal13_3.bundle/Contents/MacOS/AGXMetal13_3
0x00007fff38a88000 	/System/Library/PrivateFrameworks/IOGPU.framework/Versions/A/IOGPU
0x00007fff6a727000 	/System/Library/PrivateFrameworks/GPUCompiler.framework/Versions/31001/Libraries/libmetal_timestamp.dylib
0x00007fff2ba43000 	/System/Library/PrivateFrameworks/login.framework/Versions/A/login
0x000000012b286000 	/Applications/Eclipse.app/Contents/Eclipse/plugins/org.eclipse.justj.openjdk.hotspot.jre.full.macosx.x86_64_15.0.1.v20201027-0507/jre/lib/libosxui.dylib


VM Arguments:
jvm_args: -Dfile.encoding=UTF-8 -XX:+ShowCodeDetailsInExceptionMessages 
java_command: edu.texas.se.swing.sample.TestSwing
java_class_path (initial): /Users/wesgardner/eclipse-workspace/TestSwing/bin
Launcher Type: SUN_STANDARD

[Global flags]
     intx CICompilerCount                          = 4                                         {product} {ergonomic}
     uint ConcGCThreads                            = 2                                         {product} {ergonomic}
     uint G1ConcRefinementThreads                  = 8                                         {product} {ergonomic}
   size_t G1HeapRegionSize                         = 1048576                                   {product} {ergonomic}
    uintx GCDrainStackTargetSize                   = 64                                        {product} {ergonomic}
   size_t InitialHeapSize                          = 134217728                                 {product} {ergonomic}
   size_t MarkStackSize                            = 4194304                                   {product} {ergonomic}
   size_t MaxHeapSize                              = 2147483648                                {product} {ergonomic}
   size_t MaxNewSize                               = 1287651328                                {product} {ergonomic}
   size_t MinHeapDeltaBytes                        = 1048576                                   {product} {ergonomic}
   size_t MinHeapSize                              = 8388608                                   {product} {ergonomic}
    uintx NonNMethodCodeHeapSize                   = 5839372                                {pd product} {ergonomic}
    uintx NonProfiledCodeHeapSize                  = 122909434                              {pd product} {ergonomic}
    uintx ProfiledCodeHeapSize                     = 122909434                              {pd product} {ergonomic}
    uintx ReservedCodeCacheSize                    = 251658240                              {pd product} {ergonomic}
     bool SegmentedCodeCache                       = true                                      {product} {ergonomic}
     bool ShowCodeDetailsInExceptionMessages       = true                                   {manageable} {command line}
   size_t SoftMaxHeapSize                          = 2147483648                             {manageable} {ergonomic}
     bool UseCompressedClassPointers               = true                                 {lp64_product} {ergonomic}
     bool UseCompressedOops                        = true                                 {lp64_product} {ergonomic}
     bool UseG1GC                                  = true                                      {product} {ergonomic}
     bool UseNUMA                                  = false                                     {product} {ergonomic}
     bool UseNUMAInterleaving                      = false                                     {product} {ergonomic}

Logging:
Log output configuration:
 #0: stdout all=warning uptime,level,tags
 #1: stderr all=off uptime,level,tags

Environment Variables:
PATH=/usr/bin:/bin:/usr/sbin:/sbin
SHELL=/bin/zsh

Signal Handlers:
SIGSEGV: [libjvm.dylib+0xa00020], sa_mask[0]=11111111111111111111111111111111, sa_flags=SA_ONSTACK|SA_RESTART|SA_SIGINFO
SIGBUS: [libjvm.dylib+0xa00020], sa_mask[0]=11111111111111111111111111111111, sa_flags=SA_RESTART|SA_SIGINFO
SIGFPE: [libjvm.dylib+0xa00020], sa_mask[0]=11111111111111111111111111111111, sa_flags=SA_RESTART|SA_SIGINFO
SIGPIPE: [libjvm.dylib+0x82b7f0], sa_mask[0]=11111111111111111111111111111111, sa_flags=SA_RESTART|SA_SIGINFO
SIGXFSZ: [libjvm.dylib+0x82b7f0], sa_mask[0]=11111111111111111111111111111111, sa_flags=SA_RESTART|SA_SIGINFO
SIGILL: [libjvm.dylib+0xa00020], sa_mask[0]=11111111111111111111111111111111, sa_flags=SA_RESTART|SA_SIGINFO
SIGUSR2: [libjvm.dylib+0x82c300], sa_mask[0]=00100000000000000000000000000000, sa_flags=SA_RESTART|SA_SIGINFO
SIGHUP: [libjvm.dylib+0x82aa00], sa_mask[0]=11111111111111111111111111111111, sa_flags=SA_RESTART|SA_SIGINFO
SIGINT: [libjvm.dylib+0x82aa00], sa_mask[0]=11111111111111111111111111111111, sa_flags=SA_RESTART|SA_SIGINFO
SIGTERM: [libjvm.dylib+0x82aa00], sa_mask[0]=11111111111111111111111111111111, sa_flags=SA_RESTART|SA_SIGINFO
SIGQUIT: [libjvm.dylib+0x82aa00], sa_mask[0]=11111111111111111111111111111111, sa_flags=SA_RESTART|SA_SIGINFO


---------------  S Y S T E M  ---------------

OS:uname: Darwin 20.3.0 Darwin Kernel Version 20.3.0: Thu Jan 21 00:06:51 PST 2021; root:xnu-7195.81.3~1/RELEASE_ARM64_T8101 x86_64
OS uptime: 8 days 23:31 hours
rlimit (soft/hard): STACK 8176k/65520k , CORE 0k/infinity , NPROC 1333/2000 , NOFILE 10240/infinity , AS infinity/infinity , CPU infinity/infinity , DATA infinity/infinity , FSIZE infinity/infinity , MEMLOCK infinity/infinity , RSS infinity/infinity
load average: 2.13 1.79 1.75

CPU: total 8 (initial active 8) (1 cores per cpu, 1 threads per core) family 6 model 44 stepping 0 microcode 0x0, cmov, cx8, fxsr, mmx, sse, sse2, sse3, ssse3, sse4.1, sse4.2, popcnt, aes, clmul, tsc, tscinvbit, tscinv, clflush

Memory: 4k page, physical 8388608k(26564k free), swap 4194304k(1313280k free)

vm_info: OpenJDK 64-Bit Server VM (15.0.1+9-18) for bsd-amd64 JRE (15.0.1+9-18), built on Sep 15 2020 13:39:50 by "mach5one" with clang 4.2.1 Compatible Apple LLVM 10.0.0 (clang-1000.11.45.5)

END.
